This file contains any messages produced by compilers while
running configure, to aid debugging if configure makes a mistake.

It was created by Evince configure 3.10.3, which was
generated by GNU Autoconf 2.69.  Invocation command line was

  $ ./configure --enable-maintainer-mode --disable-nautilus --enable-debug

## --------- ##
## Platform. ##
## --------- ##

hostname = vongo-W250EGQ-W270EGQ
uname -m = x86_64
uname -r = 3.11.0-26-generic
uname -s = Linux
uname -v = #45-Ubuntu SMP Tue Jul 15 04:02:06 UTC 2014

/usr/bin/uname -p = unknown
/bin/uname -X     = unknown

/bin/arch              = unknown
/usr/bin/arch -k       = unknown
/usr/convex/getsysinfo = unknown
/usr/bin/hostinfo      = unknown
/bin/machine           = unknown
/usr/bin/oslevel       = unknown
/bin/universe          = unknown

PATH: /usr/local/sbin
PATH: /usr/local/bin
PATH: /usr/sbin
PATH: /usr/bin
PATH: /sbin
PATH: /bin
PATH: /usr/games
PATH: /usr/local/games


## ----------- ##
## Core tests. ##
## ----------- ##

configure:3079: checking for a BSD-compatible install
configure:3147: result: /usr/bin/install -c
configure:3158: checking whether build environment is sane
configure:3213: result: yes
configure:3364: checking for a thread-safe mkdir -p
configure:3403: result: /bin/mkdir -p
configure:3410: checking for gawk
configure:3426: found /usr/bin/gawk
configure:3437: result: gawk
configure:3448: checking whether make sets $(MAKE)
configure:3470: result: yes
configure:3499: checking whether make supports nested variables
configure:3516: result: yes
configure:3605: checking whether UID '1000' is supported by ustar format
configure:3608: result: yes
configure:3615: checking whether GID '1000' is supported by ustar format
configure:3618: result: yes
configure:3626: checking how to create a ustar tar archive
configure:3637: tar --version
tar (GNU tar) 1.26
Copyright (C) 2011 Free Software Foundation, Inc.
License GPLv3+: GNU GPL version 3 or later <http://gnu.org/licenses/gpl.html>.
This is free software: you are free to change and redistribute it.
There is NO WARRANTY, to the extent permitted by law.

Written by John Gilmore and Jay Fenlason.
configure:3640: $? = 0
configure:3680: tardir=conftest.dir && eval tar --format=ustar -chf - "$tardir" >conftest.tar
configure:3683: $? = 0
configure:3687: tar -xf - <conftest.tar
configure:3690: $? = 0
configure:3692: cat conftest.dir/file
GrepMe
configure:3695: $? = 0
configure:3708: result: gnutar
configure:3725: checking whether to enable maintainer-specific portions of Makefiles
configure:3734: result: yes
configure:3759: checking whether make supports nested variables
configure:3776: result: yes
configure:3836: checking for gcc
configure:3852: found /usr/bin/gcc
configure:3863: result: gcc
configure:4092: checking for C compiler version
configure:4101: gcc --version >&5
gcc (Ubuntu/Linaro 4.8.1-10ubuntu9) 4.8.1
Copyright (C) 2013 Free Software Foundation, Inc.
This is free software; see the source for copying conditions.  There is NO
warranty; not even for MERCHANTABILITY or FITNESS FOR A PARTICULAR PURPOSE.

configure:4112: $? = 0
configure:4101: gcc -v >&5
Using built-in specs.
COLLECT_GCC=gcc
COLLECT_LTO_WRAPPER=/usr/lib/gcc/x86_64-linux-gnu/4.8/lto-wrapper
Target: x86_64-linux-gnu
Configured with: ../src/configure -v --with-pkgversion='Ubuntu/Linaro 4.8.1-10ubuntu9' --with-bugurl=file:///usr/share/doc/gcc-4.8/README.Bugs --enable-languages=c,c++,java,go,d,fortran,objc,obj-c++ --prefix=/usr --program-suffix=-4.8 --enable-shared --enable-linker-build-id --libexecdir=/usr/lib --without-included-gettext --enable-threads=posix --with-gxx-include-dir=/usr/include/c++/4.8 --libdir=/usr/lib --enable-nls --with-sysroot=/ --enable-clocale=gnu --enable-libstdcxx-debug --enable-libstdcxx-time=yes --enable-gnu-unique-object --enable-plugin --with-system-zlib --disable-browser-plugin --enable-java-awt=gtk --enable-gtk-cairo --with-java-home=/usr/lib/jvm/java-1.5.0-gcj-4.8-amd64/jre --enable-java-home --with-jvm-root-dir=/usr/lib/jvm/java-1.5.0-gcj-4.8-amd64 --with-jvm-jar-dir=/usr/lib/jvm-exports/java-1.5.0-gcj-4.8-amd64 --with-arch-directory=amd64 --with-ecj-jar=/usr/share/java/eclipse-ecj.jar --enable-objc-gc --enable-multiarch --disable-werror --with-arch-32=i686 --with-abi=m64 --with-multilib-list=m32,m64,mx32 --with-tune=generic --enable-checking=release --build=x86_64-linux-gnu --host=x86_64-linux-gnu --target=x86_64-linux-gnu
Thread model: posix
gcc version 4.8.1 (Ubuntu/Linaro 4.8.1-10ubuntu9) 
configure:4112: $? = 0
configure:4101: gcc -V >&5
gcc: error: unrecognized command line option '-V'
gcc: fatal error: no input files
compilation terminated.
configure:4112: $? = 4
configure:4101: gcc -qversion >&5
gcc: error: unrecognized command line option '-qversion'
gcc: fatal error: no input files
compilation terminated.
configure:4112: $? = 4
configure:4132: checking whether the C compiler works
configure:4154: gcc    conftest.c  >&5
configure:4158: $? = 0
configure:4206: result: yes
configure:4209: checking for C compiler default output file name
configure:4211: result: a.out
configure:4217: checking for suffix of executables
configure:4224: gcc -o conftest    conftest.c  >&5
configure:4228: $? = 0
configure:4250: result: 
configure:4272: checking whether we are cross compiling
configure:4280: gcc -o conftest    conftest.c  >&5
configure:4284: $? = 0
configure:4291: ./conftest
configure:4295: $? = 0
configure:4310: result: no
configure:4315: checking for suffix of object files
configure:4337: gcc -c   conftest.c >&5
configure:4341: $? = 0
configure:4362: result: o
configure:4366: checking whether we are using the GNU C compiler
configure:4385: gcc -c   conftest.c >&5
configure:4385: $? = 0
configure:4394: result: yes
configure:4403: checking whether gcc accepts -g
configure:4423: gcc -c -g  conftest.c >&5
configure:4423: $? = 0
configure:4464: result: yes
configure:4481: checking for gcc option to accept ISO C89
configure:4544: gcc  -c -g -O2  conftest.c >&5
configure:4544: $? = 0
configure:4557: result: none needed
configure:4588: checking for style of include used by make
configure:4616: result: GNU
configure:4642: checking dependency style of gcc
configure:4753: result: gcc3
configure:4769: checking whether gcc and cc understand -c and -o together
configure:4800: gcc -c conftest.c -o conftest2.o >&5
configure:4804: $? = 0
configure:4810: gcc -c conftest.c -o conftest2.o >&5
configure:4814: $? = 0
configure:4825: cc -c conftest.c >&5
configure:4829: $? = 0
configure:4837: cc -c conftest.c -o conftest2.o >&5
configure:4841: $? = 0
configure:4847: cc -c conftest.c -o conftest2.o >&5
configure:4851: $? = 0
configure:4869: result: yes
configure:4952: checking for g++
configure:4968: found /usr/bin/g++
configure:4979: result: g++
configure:5006: checking for C++ compiler version
configure:5015: g++ --version >&5
g++ (Ubuntu/Linaro 4.8.1-10ubuntu9) 4.8.1
Copyright (C) 2013 Free Software Foundation, Inc.
This is free software; see the source for copying conditions.  There is NO
warranty; not even for MERCHANTABILITY or FITNESS FOR A PARTICULAR PURPOSE.

configure:5026: $? = 0
configure:5015: g++ -v >&5
Using built-in specs.
COLLECT_GCC=g++
COLLECT_LTO_WRAPPER=/usr/lib/gcc/x86_64-linux-gnu/4.8/lto-wrapper
Target: x86_64-linux-gnu
Configured with: ../src/configure -v --with-pkgversion='Ubuntu/Linaro 4.8.1-10ubuntu9' --with-bugurl=file:///usr/share/doc/gcc-4.8/README.Bugs --enable-languages=c,c++,java,go,d,fortran,objc,obj-c++ --prefix=/usr --program-suffix=-4.8 --enable-shared --enable-linker-build-id --libexecdir=/usr/lib --without-included-gettext --enable-threads=posix --with-gxx-include-dir=/usr/include/c++/4.8 --libdir=/usr/lib --enable-nls --with-sysroot=/ --enable-clocale=gnu --enable-libstdcxx-debug --enable-libstdcxx-time=yes --enable-gnu-unique-object --enable-plugin --with-system-zlib --disable-browser-plugin --enable-java-awt=gtk --enable-gtk-cairo --with-java-home=/usr/lib/jvm/java-1.5.0-gcj-4.8-amd64/jre --enable-java-home --with-jvm-root-dir=/usr/lib/jvm/java-1.5.0-gcj-4.8-amd64 --with-jvm-jar-dir=/usr/lib/jvm-exports/java-1.5.0-gcj-4.8-amd64 --with-arch-directory=amd64 --with-ecj-jar=/usr/share/java/eclipse-ecj.jar --enable-objc-gc --enable-multiarch --disable-werror --with-arch-32=i686 --with-abi=m64 --with-multilib-list=m32,m64,mx32 --with-tune=generic --enable-checking=release --build=x86_64-linux-gnu --host=x86_64-linux-gnu --target=x86_64-linux-gnu
Thread model: posix
gcc version 4.8.1 (Ubuntu/Linaro 4.8.1-10ubuntu9) 
configure:5026: $? = 0
configure:5015: g++ -V >&5
g++: error: unrecognized command line option '-V'
g++: fatal error: no input files
compilation terminated.
configure:5026: $? = 4
configure:5015: g++ -qversion >&5
g++: error: unrecognized command line option '-qversion'
g++: fatal error: no input files
compilation terminated.
configure:5026: $? = 4
configure:5030: checking whether we are using the GNU C++ compiler
configure:5049: g++ -c   conftest.cpp >&5
configure:5049: $? = 0
configure:5058: result: yes
configure:5067: checking whether g++ accepts -g
configure:5087: g++ -c -g  conftest.cpp >&5
configure:5087: $? = 0
configure:5128: result: yes
configure:5153: checking dependency style of g++
configure:5264: result: gcc3
configure:5280: checking for a sed that does not truncate output
configure:5344: result: /bin/sed
configure:5381: checking build system type
configure:5395: result: x86_64-unknown-linux-gnu
configure:5415: checking host system type
configure:5428: result: x86_64-unknown-linux-gnu
configure:5469: checking how to print strings
configure:5496: result: printf
configure:5517: checking for a sed that does not truncate output
configure:5581: result: /bin/sed
configure:5599: checking for grep that handles long lines and -e
configure:5657: result: /bin/grep
configure:5662: checking for egrep
configure:5724: result: /bin/grep -E
configure:5729: checking for fgrep
configure:5791: result: /bin/grep -F
configure:5826: checking for ld used by gcc
configure:5893: result: /usr/bin/ld
configure:5900: checking if the linker (/usr/bin/ld) is GNU ld
configure:5915: result: yes
configure:5927: checking for BSD- or MS-compatible name lister (nm)
configure:5976: result: /usr/bin/nm -B
configure:6106: checking the name lister (/usr/bin/nm -B) interface
configure:6113: gcc -c -g -O2  conftest.c >&5
configure:6116: /usr/bin/nm -B "conftest.o"
configure:6119: output
0000000000000000 B some_variable
configure:6126: result: BSD nm
configure:6129: checking whether ln -s works
configure:6133: result: yes
configure:6141: checking the maximum length of command line arguments
configure:6272: result: 1572864
configure:6289: checking whether the shell understands some XSI constructs
configure:6299: result: yes
configure:6303: checking whether the shell understands "+="
configure:6309: result: yes
configure:6344: checking how to convert x86_64-unknown-linux-gnu file names to x86_64-unknown-linux-gnu format
configure:6384: result: func_convert_file_noop
configure:6391: checking how to convert x86_64-unknown-linux-gnu file names to toolchain format
configure:6411: result: func_convert_file_noop
configure:6418: checking for /usr/bin/ld option to reload object files
configure:6425: result: -r
configure:6499: checking for objdump
configure:6515: found /usr/bin/objdump
configure:6526: result: objdump
configure:6558: checking how to recognize dependent libraries
configure:6756: result: pass_all
configure:6841: checking for dlltool
configure:6871: result: no
configure:6901: checking how to associate runtime and link libraries
configure:6928: result: printf %s\n
configure:6989: checking for ar
configure:7005: found /usr/bin/ar
configure:7016: result: ar
configure:7053: checking for archiver @FILE support
configure:7070: gcc -c -g -O2  conftest.c >&5
configure:7070: $? = 0
configure:7073: ar cru libconftest.a @conftest.lst >&5
configure:7076: $? = 0
configure:7081: ar cru libconftest.a @conftest.lst >&5
ar: conftest.o: No such file or directory
configure:7084: $? = 1
configure:7096: result: @
configure:7154: checking for strip
configure:7170: found /usr/bin/strip
configure:7181: result: strip
configure:7253: checking for ranlib
configure:7269: found /usr/bin/ranlib
configure:7280: result: ranlib
configure:7382: checking command to parse /usr/bin/nm -B output from gcc object
configure:7502: gcc -c -g -O2  conftest.c >&5
configure:7505: $? = 0
configure:7509: /usr/bin/nm -B conftest.o \| sed -n -e 's/^.*[ ]\([ABCDGIRSTW][ABCDGIRSTW]*\)[ ][ ]*\([_A-Za-z][_A-Za-z0-9]*\)$/\1 \2 \2/p' | sed '/ __gnu_lto/d' \> conftest.nm
configure:7512: $? = 0
configure:7578: gcc -o conftest -g -O2   conftest.c conftstm.o >&5
configure:7581: $? = 0
configure:7619: result: ok
configure:7656: checking for sysroot
configure:7686: result: no
configure:7763: gcc -c -g -O2  conftest.c >&5
configure:7766: $? = 0
configure:7949: checking for mt
configure:7965: found /bin/mt
configure:7976: result: mt
configure:7999: checking if mt is a manifest tool
configure:8005: mt '-?'
configure:8013: result: no
configure:8655: checking how to run the C preprocessor
configure:8686: gcc -E  conftest.c
configure:8686: $? = 0
configure:8700: gcc -E  conftest.c
conftest.c:11:28: fatal error: ac_nonexistent.h: No such file or directory
 #include <ac_nonexistent.h>
                            ^
compilation terminated.
configure:8700: $? = 1
configure: failed program was:
| /* confdefs.h */
| #define PACKAGE_NAME "Evince"
| #define PACKAGE_TARNAME "evince"
| #define PACKAGE_VERSION "3.10.3"
| #define PACKAGE_STRING "Evince 3.10.3"
| #define PACKAGE_BUGREPORT "http://bugzilla.gnome.org/enter_bug.cgi?product=evince"
| #define PACKAGE_URL ""
| #define PACKAGE "evince"
| #define VERSION "3.10.3"
| /* end confdefs.h.  */
| #include <ac_nonexistent.h>
configure:8725: result: gcc -E
configure:8745: gcc -E  conftest.c
configure:8745: $? = 0
configure:8759: gcc -E  conftest.c
conftest.c:11:28: fatal error: ac_nonexistent.h: No such file or directory
 #include <ac_nonexistent.h>
                            ^
compilation terminated.
configure:8759: $? = 1
configure: failed program was:
| /* confdefs.h */
| #define PACKAGE_NAME "Evince"
| #define PACKAGE_TARNAME "evince"
| #define PACKAGE_VERSION "3.10.3"
| #define PACKAGE_STRING "Evince 3.10.3"
| #define PACKAGE_BUGREPORT "http://bugzilla.gnome.org/enter_bug.cgi?product=evince"
| #define PACKAGE_URL ""
| #define PACKAGE "evince"
| #define VERSION "3.10.3"
| /* end confdefs.h.  */
| #include <ac_nonexistent.h>
configure:8788: checking for ANSI C header files
configure:8808: gcc -c -g -O2  conftest.c >&5
configure:8808: $? = 0
configure:8881: gcc -o conftest -g -O2   conftest.c  >&5
configure:8881: $? = 0
configure:8881: ./conftest
configure:8881: $? = 0
configure:8892: result: yes
configure:8905: checking for sys/types.h
configure:8905: gcc -c -g -O2  conftest.c >&5
configure:8905: $? = 0
configure:8905: result: yes
configure:8905: checking for sys/stat.h
configure:8905: gcc -c -g -O2  conftest.c >&5
configure:8905: $? = 0
configure:8905: result: yes
configure:8905: checking for stdlib.h
configure:8905: gcc -c -g -O2  conftest.c >&5
configure:8905: $? = 0
configure:8905: result: yes
configure:8905: checking for string.h
configure:8905: gcc -c -g -O2  conftest.c >&5
configure:8905: $? = 0
configure:8905: result: yes
configure:8905: checking for memory.h
configure:8905: gcc -c -g -O2  conftest.c >&5
configure:8905: $? = 0
configure:8905: result: yes
configure:8905: checking for strings.h
configure:8905: gcc -c -g -O2  conftest.c >&5
configure:8905: $? = 0
configure:8905: result: yes
configure:8905: checking for inttypes.h
configure:8905: gcc -c -g -O2  conftest.c >&5
configure:8905: $? = 0
configure:8905: result: yes
configure:8905: checking for stdint.h
configure:8905: gcc -c -g -O2  conftest.c >&5
configure:8905: $? = 0
configure:8905: result: yes
configure:8905: checking for unistd.h
configure:8905: gcc -c -g -O2  conftest.c >&5
configure:8905: $? = 0
configure:8905: result: yes
configure:8919: checking for dlfcn.h
configure:8919: gcc -c -g -O2  conftest.c >&5
configure:8919: $? = 0
configure:8919: result: yes
configure:9136: checking for objdir
configure:9151: result: .libs
configure:9422: checking if gcc supports -fno-rtti -fno-exceptions
configure:9440: gcc -c -g -O2  -fno-rtti -fno-exceptions conftest.c >&5
cc1: warning: command line option '-fno-rtti' is valid for C++/ObjC++ but not for C [enabled by default]
configure:9444: $? = 0
configure:9457: result: no
configure:9784: checking for gcc option to produce PIC
configure:9791: result: -fPIC -DPIC
configure:9799: checking if gcc PIC flag -fPIC -DPIC works
configure:9817: gcc -c -g -O2  -fPIC -DPIC -DPIC conftest.c >&5
configure:9821: $? = 0
configure:9834: result: yes
configure:9863: checking if gcc static flag -static works
configure:9891: result: yes
configure:9906: checking if gcc supports -c -o file.o
configure:9927: gcc -c -g -O2  -o out/conftest2.o conftest.c >&5
configure:9931: $? = 0
configure:9953: result: yes
configure:9961: checking if gcc supports -c -o file.o
configure:10008: result: yes
configure:10041: checking whether the gcc linker (/usr/bin/ld -m elf_x86_64) supports shared libraries
configure:11198: result: yes
configure:11235: checking whether -lc should be explicitly linked in
configure:11243: gcc -c -g -O2  conftest.c >&5
configure:11246: $? = 0
configure:11261: gcc -shared  -fPIC -DPIC conftest.o  -v -Wl,-soname -Wl,conftest -o conftest 2\>\&1 \| /bin/grep  -lc  \>/dev/null 2\>\&1
configure:11264: $? = 0
configure:11278: result: no
configure:11438: checking dynamic linker characteristics
configure:11938: gcc -o conftest -g -O2   -Wl,-rpath -Wl,/foo conftest.c  >&5
configure:11938: $? = 0
configure:12172: result: GNU/Linux ld.so
configure:12279: checking how to hardcode library paths into programs
configure:12304: result: immediate
configure:12844: checking whether stripping libraries is possible
configure:12849: result: yes
configure:12884: checking if libtool supports shared libraries
configure:12886: result: yes
configure:12889: checking whether to build shared libraries
configure:12910: result: yes
configure:12913: checking whether to build static libraries
configure:12917: result: yes
configure:12940: checking how to run the C++ preprocessor
configure:12967: g++ -E  conftest.cpp
configure:12967: $? = 0
configure:12981: g++ -E  conftest.cpp
conftest.cpp:23:28: fatal error: ac_nonexistent.h: No such file or directory
 #include <ac_nonexistent.h>
                            ^
compilation terminated.
configure:12981: $? = 1
configure: failed program was:
| /* confdefs.h */
| #define PACKAGE_NAME "Evince"
| #define PACKAGE_TARNAME "evince"
| #define PACKAGE_VERSION "3.10.3"
| #define PACKAGE_STRING "Evince 3.10.3"
| #define PACKAGE_BUGREPORT "http://bugzilla.gnome.org/enter_bug.cgi?product=evince"
| #define PACKAGE_URL ""
| #define PACKAGE "evince"
| #define VERSION "3.10.3"
| #define STDC_HEADERS 1
| #define HAVE_SYS_TYPES_H 1
| #define HAVE_SYS_STAT_H 1
| #define HAVE_STDLIB_H 1
| #define HAVE_STRING_H 1
| #define HAVE_MEMORY_H 1
| #define HAVE_STRINGS_H 1
| #define HAVE_INTTYPES_H 1
| #define HAVE_STDINT_H 1
| #define HAVE_UNISTD_H 1
| #define HAVE_DLFCN_H 1
| #define LT_OBJDIR ".libs/"
| /* end confdefs.h.  */
| #include <ac_nonexistent.h>
configure:13006: result: g++ -E
configure:13026: g++ -E  conftest.cpp
configure:13026: $? = 0
configure:13040: g++ -E  conftest.cpp
conftest.cpp:23:28: fatal error: ac_nonexistent.h: No such file or directory
 #include <ac_nonexistent.h>
                            ^
compilation terminated.
configure:13040: $? = 1
configure: failed program was:
| /* confdefs.h */
| #define PACKAGE_NAME "Evince"
| #define PACKAGE_TARNAME "evince"
| #define PACKAGE_VERSION "3.10.3"
| #define PACKAGE_STRING "Evince 3.10.3"
| #define PACKAGE_BUGREPORT "http://bugzilla.gnome.org/enter_bug.cgi?product=evince"
| #define PACKAGE_URL ""
| #define PACKAGE "evince"
| #define VERSION "3.10.3"
| #define STDC_HEADERS 1
| #define HAVE_SYS_TYPES_H 1
| #define HAVE_SYS_STAT_H 1
| #define HAVE_STDLIB_H 1
| #define HAVE_STRING_H 1
| #define HAVE_MEMORY_H 1
| #define HAVE_STRINGS_H 1
| #define HAVE_INTTYPES_H 1
| #define HAVE_STDINT_H 1
| #define HAVE_UNISTD_H 1
| #define HAVE_DLFCN_H 1
| #define LT_OBJDIR ".libs/"
| /* end confdefs.h.  */
| #include <ac_nonexistent.h>
configure:13209: checking for ld used by g++
configure:13276: result: /usr/bin/ld -m elf_x86_64
configure:13283: checking if the linker (/usr/bin/ld -m elf_x86_64) is GNU ld
configure:13298: result: yes
configure:13353: checking whether the g++ linker (/usr/bin/ld -m elf_x86_64) supports shared libraries
configure:14355: result: yes
configure:14391: g++ -c -g -O2  conftest.cpp >&5
configure:14394: $? = 0
configure:14914: checking for g++ option to produce PIC
configure:14921: result: -fPIC -DPIC
configure:14929: checking if g++ PIC flag -fPIC -DPIC works
configure:14947: g++ -c -g -O2  -fPIC -DPIC -DPIC conftest.cpp >&5
configure:14951: $? = 0
configure:14964: result: yes
configure:14987: checking if g++ static flag -static works
configure:15015: result: yes
configure:15027: checking if g++ supports -c -o file.o
configure:15048: g++ -c -g -O2  -o out/conftest2.o conftest.cpp >&5
configure:15052: $? = 0
configure:15074: result: yes
configure:15079: checking if g++ supports -c -o file.o
configure:15126: result: yes
configure:15156: checking whether the g++ linker (/usr/bin/ld -m elf_x86_64) supports shared libraries
configure:15195: result: yes
configure:15336: checking dynamic linker characteristics
configure:16004: result: GNU/Linux ld.so
configure:16057: checking how to hardcode library paths into programs
configure:16082: result: immediate
configure:16231: checking for cos in -lm
configure:16256: gcc -o conftest -g -O2   conftest.c -lm   >&5
conftest.c:30:6: warning: conflicting types for built-in function 'cos' [enabled by default]
 char cos ();
      ^
configure:16256: $? = 0
configure:16265: result: yes
configure:16285: checking what warning flags to pass to the C++ compiler
configure:16305: result: -Wall -Wno-unused
configure:16316: checking what language compliance flags to pass to the C++ compiler
configure:16332: result: 
configure:16340: checking whether NLS is requested
configure:16349: result: yes
configure:16367: checking for intltool >= 0.35.0
configure:16369: result: 0.50.2 found
configure:16377: checking for intltool-update
configure:16395: found /usr/bin/intltool-update
configure:16407: result: /usr/bin/intltool-update
configure:16417: checking for intltool-merge
configure:16435: found /usr/bin/intltool-merge
configure:16447: result: /usr/bin/intltool-merge
configure:16457: checking for intltool-extract
configure:16475: found /usr/bin/intltool-extract
configure:16487: result: /usr/bin/intltool-extract
configure:16641: checking for xgettext
configure:16659: found /usr/bin/xgettext
configure:16671: result: /usr/bin/xgettext
configure:16681: checking for msgmerge
configure:16699: found /usr/bin/msgmerge
configure:16711: result: /usr/bin/msgmerge
configure:16721: checking for msgfmt
configure:16739: found /usr/bin/msgfmt
configure:16751: result: /usr/bin/msgfmt
configure:16761: checking for gmsgfmt
configure:16792: result: /usr/bin/msgfmt
configure:16812: checking for perl
configure:16830: found /usr/bin/perl
configure:16842: result: /usr/bin/perl
configure:16853: checking for perl >= 5.8.1
configure:16860: result: 5.14.2
configure:16864: checking for XML::Parser
configure:16867: result: ok
configure:16892: gcc -o conftest -g -O2   conftest.c  >&5
configure:16892: $? = 0
configure:16929: checking locale.h usability
configure:16929: gcc -c -g -O2  conftest.c >&5
configure:16929: $? = 0
configure:16929: result: yes
configure:16929: checking locale.h presence
configure:16929: gcc -E  conftest.c
configure:16929: $? = 0
configure:16929: result: yes
configure:16929: checking for locale.h
configure:16929: result: yes
configure:16940: checking for LC_MESSAGES
configure:16956: gcc -o conftest -g -O2   conftest.c  >&5
configure:16956: $? = 0
configure:16964: result: yes
configure:16981: checking libintl.h usability
configure:16981: gcc -c -g -O2  conftest.c >&5
configure:16981: $? = 0
configure:16981: result: yes
configure:16981: checking libintl.h presence
configure:16981: gcc -E  conftest.c
configure:16981: $? = 0
configure:16981: result: yes
configure:16981: checking for libintl.h
configure:16981: result: yes
configure:16989: checking for ngettext in libc
configure:17007: gcc -o conftest -g -O2   conftest.c  >&5
configure:17007: $? = 0
configure:17016: result: yes
configure:17020: checking for dgettext in libc
configure:17038: gcc -o conftest -g -O2   conftest.c  >&5
configure:17038: $? = 0
configure:17047: result: yes
configure:17054: checking for bind_textdomain_codeset
configure:17054: gcc -o conftest -g -O2   conftest.c  >&5
configure:17054: $? = 0
configure:17054: result: yes
configure:17330: checking for msgfmt
configure:17357: result: /usr/bin/msgfmt
configure:17368: checking for dcgettext
configure:17368: gcc -o conftest -g -O2   conftest.c   >&5
conftest.c:51:6: warning: conflicting types for built-in function 'dcgettext' [enabled by default]
 char dcgettext ();
      ^
configure:17368: $? = 0
configure:17368: result: yes
configure:17378: checking if msgfmt accepts -c
configure:17393: $MSGFMT -c -o /dev/null conftest.foo
configure:17396: $? = 0
configure:17398: result: yes
configure:17408: checking for gmsgfmt
configure:17439: result: /usr/bin/msgfmt
configure:17449: checking for xgettext
configure:17476: result: /usr/bin/xgettext
configure:17495: gcc -o conftest -g -O2   conftest.c   >&5
configure:17495: $? = 0
configure:17704: checking for pkg-config
configure:17722: found /usr/bin/pkg-config
configure:17734: result: /usr/bin/pkg-config
configure:17759: checking pkg-config is at least version 0.16
configure:17762: result: yes
configure:17873: checking for which platform to build
configure:17890: result: gnome
configure:18038: checking zlib.h usability
configure:18038: gcc -c -g -O2  conftest.c >&5
configure:18038: $? = 0
configure:18038: result: yes
configure:18038: checking zlib.h presence
configure:18038: gcc -E  conftest.c
configure:18038: $? = 0
configure:18038: result: yes
configure:18038: checking for zlib.h
configure:18038: result: yes
configure:18043: checking for inflate in -lz
configure:18068: gcc -o conftest -g -O2   conftest.c -lz   >&5
configure:18068: $? = 0
configure:18077: result: yes
configure:18080: checking for crc32 in -lz
configure:18105: gcc -o conftest -g -O2   conftest.c -lz   >&5
configure:18105: $? = 0
configure:18114: result: yes
configure:18142: checking for LIBDOCUMENT
configure:18149: $PKG_CONFIG --exists --print-errors "gtk+-3.0 >= $GTK_REQUIRED gio-2.0 >= $GLIB_REQUIRED gmodule-no-export-2.0 >= $GLIB_REQUIRED gmodule-2.0"
configure:18152: $? = 0
configure:18166: $PKG_CONFIG --exists --print-errors "gtk+-3.0 >= $GTK_REQUIRED gio-2.0 >= $GLIB_REQUIRED gmodule-no-export-2.0 >= $GLIB_REQUIRED gmodule-2.0"
configure:18169: $? = 0
configure:18227: result: yes
configure:18233: checking for LIBVIEW
configure:18240: $PKG_CONFIG --exists --print-errors "gtk+-3.0 >= $GTK_REQUIRED gail-3.0 >= $GTK_REQUIRED gthread-2.0 gio-2.0 >= $GLIB_REQUIRED"
configure:18243: $? = 0
configure:18257: $PKG_CONFIG --exists --print-errors "gtk+-3.0 >= $GTK_REQUIRED gail-3.0 >= $GTK_REQUIRED gthread-2.0 gio-2.0 >= $GLIB_REQUIRED"
configure:18260: $? = 0
configure:18318: result: yes
configure:18324: checking for BACKEND
configure:18331: $PKG_CONFIG --exists --print-errors "cairo >= $CAIRO_REQUIRED gtk+-3.0 >= $GTK_REQUIRED"
configure:18334: $? = 0
configure:18348: $PKG_CONFIG --exists --print-errors "cairo >= $CAIRO_REQUIRED gtk+-3.0 >= $GTK_REQUIRED"
configure:18351: $? = 0
configure:18409: result: yes
configure:18415: checking for FRONTEND_CORE
configure:18422: $PKG_CONFIG --exists --print-errors "gtk+-3.0 >= $GTK_REQUIRED gthread-2.0 gio-2.0 >= $GLIB_REQUIRED gmodule-no-export-2.0 >= $GLIB_REQUIRED"
configure:18425: $? = 0
configure:18439: $PKG_CONFIG --exists --print-errors "gtk+-3.0 >= $GTK_REQUIRED gthread-2.0 gio-2.0 >= $GLIB_REQUIRED gmodule-no-export-2.0 >= $GLIB_REQUIRED"
configure:18442: $? = 0
configure:18500: result: yes
configure:18527: checking for SHELL_CORE
configure:18534: $PKG_CONFIG --exists --print-errors "libxml-2.0 >= $LIBXML_REQUIRED gtk+-3.0 >= $GTK_REQUIRED gio-2.0 >= $GLIB_REQUIRED gmodule-no-export-2.0 >= $GLIB_REQUIRED gthread-2.0 $SHELL_PLATFORM_PKGS"
configure:18537: $? = 0
configure:18551: $PKG_CONFIG --exists --print-errors "libxml-2.0 >= $LIBXML_REQUIRED gtk+-3.0 >= $GTK_REQUIRED gio-2.0 >= $GLIB_REQUIRED gmodule-no-export-2.0 >= $GLIB_REQUIRED gthread-2.0 $SHELL_PLATFORM_PKGS"
configure:18554: $? = 0
configure:18612: result: yes
configure:18624: checking for glib-genmarshal
configure:18642: found /usr/local/bin/glib-genmarshal
configure:18654: result: /usr/local/bin/glib-genmarshal
configure:18669: checking for glib-mkenums
configure:18687: found /usr/local/bin/glib-mkenums
configure:18699: result: /usr/local/bin/glib-mkenums
configure:18714: checking for glib-compile-resources
configure:18732: found /usr/local/bin/glib-compile-resources
configure:18744: result: /usr/local/bin/glib-compile-resources
configure:18759: checking for xmllint
configure:18777: found /usr/bin/xmllint
configure:18789: result: /usr/bin/xmllint
configure:18804: checking for gdbus-codegen
configure:18822: found /usr/local/bin/gdbus-codegen
configure:18834: result: /usr/local/bin/gdbus-codegen
configure:18852: checking which smclient backend to use
configure:18870: result: xsmp
configure:18885: checking for SMCLIENT
configure:18892: $PKG_CONFIG --exists --print-errors "gtk+-3.0 gthread-2.0 $SMCLIENT_PKGS"
configure:18895: $? = 0
configure:18909: $PKG_CONFIG --exists --print-errors "gtk+-3.0 gthread-2.0 $SMCLIENT_PKGS"
configure:18912: $? = 0
configure:18970: result: yes
configure:19020: checking for cairo_format_stride_for_width
configure:19020: gcc -o conftest -g -O2   conftest.c  -L/usr/local/lib -lgtk-3 -lgdk-3 -latk-1.0 -lgio-2.0 -lpangocairo-1.0 -lgdk_pixbuf-2.0 -lcairo-gobject -lpango-1.0 -lcairo -lgobject-2.0 -lglib-2.0   >&5
configure:19020: $? = 0
configure:19020: result: yes
configure:19035: checking whether gtk+-unix-print support is requested
configure:19049: result: yes
configure:19055: checking for GTKUNIXPRINT
configure:19062: $PKG_CONFIG --exists --print-errors "gtk+-unix-print-3.0 >= $GTK_REQUIRED"
configure:19065: $? = 0
configure:19079: $PKG_CONFIG --exists --print-errors "gtk+-unix-print-3.0 >= $GTK_REQUIRED"
configure:19082: $? = 0
configure:19140: result: yes
configure:19177: checking for LIBSECRET
configure:19184: $PKG_CONFIG --exists --print-errors "libsecret-1 >= $LIBSECRET_REQUIRED"
configure:19187: $? = 0
configure:19201: $PKG_CONFIG --exists --print-errors "libsecret-1 >= $LIBSECRET_REQUIRED"
configure:19204: $? = 0
configure:19262: result: yes
configure:19292: checking for EV_DAEMON
configure:19299: $PKG_CONFIG --exists --print-errors "gio-2.0 >= $GLIB_REQUIRED gio-unix-2.0"
configure:19302: $? = 0
configure:19316: $PKG_CONFIG --exists --print-errors "gio-2.0 >= $GLIB_REQUIRED gio-unix-2.0"
configure:19319: $? = 0
configure:19377: result: yes
configure:19394: checking for DESKTOP_SCHEMAS
configure:19401: $PKG_CONFIG --exists --print-errors "gsettings-desktop-schemas"
Package gsettings-desktop-schemas was not found in the pkg-config search path.
Perhaps you should add the directory containing `gsettings-desktop-schemas.pc'
to the PKG_CONFIG_PATH environment variable
No package 'gsettings-desktop-schemas' found
configure:19404: $? = 1
configure:19418: $PKG_CONFIG --exists --print-errors "gsettings-desktop-schemas"
Package gsettings-desktop-schemas was not found in the pkg-config search path.
Perhaps you should add the directory containing `gsettings-desktop-schemas.pc'
to the PKG_CONFIG_PATH environment variable
No package 'gsettings-desktop-schemas' found
configure:19421: $? = 1
configure:19435: result: no
No package 'gsettings-desktop-schemas' found
configure:19690: checking for PREVIEWER
configure:19697: $PKG_CONFIG --exists --print-errors "gtk+-3.0 >= $GTK_REQUIRED gthread-2.0 gio-2.0 >= $GLIB_REQUIRED gmodule-no-export-2.0 >= $GLIB_REQUIRED"
configure:19700: $? = 0
configure:19714: $PKG_CONFIG --exists --print-errors "gtk+-3.0 >= $GTK_REQUIRED gthread-2.0 gio-2.0 >= $GLIB_REQUIRED gmodule-no-export-2.0 >= $GLIB_REQUIRED"
configure:19717: $? = 0
configure:19775: result: yes
configure:19814: checking for gobject-introspection
configure:19860: result: no (disabled, use --enable-introspection to enable)
configure:19901: checking execinfo.h usability
configure:19901: gcc -c -g -O2  conftest.c >&5
configure:19901: $? = 0
configure:19901: result: yes
configure:19901: checking execinfo.h presence
configure:19901: gcc -E  conftest.c
configure:19901: $? = 0
configure:19901: result: yes
configure:19901: checking for execinfo.h
configure:19901: result: yes
configure:19912: checking whether _NL_MEASUREMENT_MEASUREMENT is declared
configure:19912: gcc -c -g -O2  conftest.c >&5
configure:19912: $? = 0
configure:19912: result: yes
configure:19935: checking for POPPLER
configure:19942: $PKG_CONFIG --exists --print-errors "poppler-glib >= $POPPLER_REQUIRED libxml-2.0 >= $LIBXML_REQUIRED"
configure:19945: $? = 0
configure:19959: $PKG_CONFIG --exists --print-errors "poppler-glib >= $POPPLER_REQUIRED libxml-2.0 >= $LIBXML_REQUIRED"
configure:19962: $? = 0
configure:20000: result: yes
configure:20008: checking for CAIRO_PDF
configure:20015: $PKG_CONFIG --exists --print-errors "cairo-pdf"
configure:20018: $? = 0
configure:20032: $PKG_CONFIG --exists --print-errors "cairo-pdf"
configure:20035: $? = 0
configure:20073: result: yes
configure:20085: checking for CAIRO_PS
configure:20092: $PKG_CONFIG --exists --print-errors "cairo-ps"
configure:20095: $? = 0
configure:20109: $PKG_CONFIG --exists --print-errors "cairo-ps"
configure:20112: $? = 0
configure:20150: result: yes
configure:20176: checking for SPECTRE
configure:20183: $PKG_CONFIG --exists --print-errors "libspectre >= $SPECTRE_REQUIRED"
Package libspectre was not found in the pkg-config search path.
Perhaps you should add the directory containing `libspectre.pc'
to the PKG_CONFIG_PATH environment variable
No package 'libspectre' found
configure:20186: $? = 1
configure:20200: $PKG_CONFIG --exists --print-errors "libspectre >= $SPECTRE_REQUIRED"
Package libspectre was not found in the pkg-config search path.
Perhaps you should add the directory containing `libspectre.pc'
to the PKG_CONFIG_PATH environment variable
No package 'libspectre' found
configure:20203: $? = 1
configure:20217: result: no
No package 'libspectre' found
configure:20274: WARNING: PS support is disabled since libspectre (version >= 0.2.0) is needed
configure:20298: checking tiff.h usability
configure:20298: gcc -c -g -O2  conftest.c >&5
configure:20298: $? = 0
configure:20298: result: yes
configure:20298: checking tiff.h presence
configure:20298: gcc -E  conftest.c
configure:20298: $? = 0
configure:20298: result: yes
configure:20298: checking for tiff.h
configure:20298: result: yes
configure:20311: checking for TIFFOpen in -ltiff
configure:20336: gcc -o conftest -g -O2   conftest.c -ltiff -lz  >&5
configure:20336: $? = 0
configure:20345: result: yes
configure:20353: checking for TIFFReadRGBAImageOriented in -ltiff
configure:20378: gcc -o conftest -g -O2   conftest.c -ltiff -lz  >&5
configure:20378: $? = 0
configure:20387: result: yes
configure:20428: checking for DJVU
configure:20435: $PKG_CONFIG --exists --print-errors "ddjvuapi >= $DJVULIBRE_REQUIRED"
Package ddjvuapi was not found in the pkg-config search path.
Perhaps you should add the directory containing `ddjvuapi.pc'
to the PKG_CONFIG_PATH environment variable
No package 'ddjvuapi' found
configure:20438: $? = 1
configure:20452: $PKG_CONFIG --exists --print-errors "ddjvuapi >= $DJVULIBRE_REQUIRED"
Package ddjvuapi was not found in the pkg-config search path.
Perhaps you should add the directory containing `ddjvuapi.pc'
to the PKG_CONFIG_PATH environment variable
No package 'ddjvuapi' found
configure:20455: $? = 1
configure:20469: result: no
No package 'ddjvuapi' found
configure:20507: WARNING:
** Djvu support is disabled since a recent version of the djvulibre
** library was not found. You need at least djvulibre-3.5.17 which
** can be found on http://djvulibre.djvuzone.org

configure:20544: checking for an ANSI C-conforming const
configure:20610: gcc -c -g -O2  conftest.c >&5
configure:20610: $? = 0
configure:20617: result: yes
configure:20625: checking for inline
configure:20641: gcc -c -g -O2  conftest.c >&5
configure:20641: $? = 0
configure:20649: result: inline
configure:20667: checking for size_t
configure:20667: gcc -c -g -O2  conftest.c >&5
configure:20667: $? = 0
configure:20667: gcc -c -g -O2  conftest.c >&5
conftest.c: In function 'main':
conftest.c:79:21: error: expected expression before ')' token
 if (sizeof ((size_t)))
                     ^
configure:20667: $? = 1
configure: failed program was:
| /* confdefs.h */
| #define PACKAGE_NAME "Evince"
| #define PACKAGE_TARNAME "evince"
| #define PACKAGE_VERSION "3.10.3"
| #define PACKAGE_STRING "Evince 3.10.3"
| #define PACKAGE_BUGREPORT "http://bugzilla.gnome.org/enter_bug.cgi?product=evince"
| #define PACKAGE_URL ""
| #define PACKAGE "evince"
| #define VERSION "3.10.3"
| #define STDC_HEADERS 1
| #define HAVE_SYS_TYPES_H 1
| #define HAVE_SYS_STAT_H 1
| #define HAVE_STDLIB_H 1
| #define HAVE_STRING_H 1
| #define HAVE_MEMORY_H 1
| #define HAVE_STRINGS_H 1
| #define HAVE_INTTYPES_H 1
| #define HAVE_STDINT_H 1
| #define HAVE_UNISTD_H 1
| #define HAVE_DLFCN_H 1
| #define LT_OBJDIR ".libs/"
| #define GETTEXT_PACKAGE "evince"
| #define HAVE_LOCALE_H 1
| #define HAVE_LC_MESSAGES 1
| #define HAVE_BIND_TEXTDOMAIN_CODESET 1
| #define HAVE_GETTEXT 1
| #define HAVE_DCGETTEXT 1
| #define ENABLE_NLS 1
| #define GDK_VERSION_MIN_REQUIRED GDK_VERSION_3_8
| #define HAVE_ZLIB_H 1
| #define WITH_SMCLIENT 1
| #define HAVE_CAIRO_FORMAT_STRIDE_FOR_WIDTH 1
| #define GTKUNIXPRINT_ENABLED 1
| #define WITH_KEYRING 1
| #define ENABLE_DBUS 1
| #define HAVE_EXECINFO_H 1
| #define HAVE__NL_MEASUREMENT_MEASUREMENT 1
| #define HAVE_CAIRO_PDF 1
| #define HAVE_CAIRO_PS 1
| #define HAVE_TIFF_H 1
| #define ENABLE_TIFF 1
| /* end confdefs.h.  */
| #include <stdio.h>
| #ifdef HAVE_SYS_TYPES_H
| # include <sys/types.h>
| #endif
| #ifdef HAVE_SYS_STAT_H
| # include <sys/stat.h>
| #endif
| #ifdef STDC_HEADERS
| # include <stdlib.h>
| # include <stddef.h>
| #else
| # ifdef HAVE_STDLIB_H
| #  include <stdlib.h>
| # endif
| #endif
| #ifdef HAVE_STRING_H
| # if !defined STDC_HEADERS && defined HAVE_MEMORY_H
| #  include <memory.h>
| # endif
| # include <string.h>
| #endif
| #ifdef HAVE_STRINGS_H
| # include <strings.h>
| #endif
| #ifdef HAVE_INTTYPES_H
| # include <inttypes.h>
| #endif
| #ifdef HAVE_STDINT_H
| # include <stdint.h>
| #endif
| #ifdef HAVE_UNISTD_H
| # include <unistd.h>
| #endif
| int
| main ()
| {
| if (sizeof ((size_t)))
| 	    return 0;
|   ;
|   return 0;
| }
configure:20667: result: yes
configure:20682: checking size of long
configure:20687: gcc -o conftest -g -O2   conftest.c  >&5
configure:20687: $? = 0
configure:20687: ./conftest
configure:20687: $? = 0
configure:20701: result: 8
configure:20715: checking size of int
configure:20720: gcc -o conftest -g -O2   conftest.c  >&5
configure:20720: $? = 0
configure:20720: ./conftest
configure:20720: $? = 0
configure:20734: result: 4
configure:20748: checking size of short
configure:20753: gcc -o conftest -g -O2   conftest.c  >&5
configure:20753: $? = 0
configure:20753: ./conftest
configure:20753: $? = 0
configure:20767: result: 2
configure:20781: checking size of long long
configure:20786: gcc -o conftest -g -O2   conftest.c  >&5
configure:20786: $? = 0
configure:20786: ./conftest
configure:20786: $? = 0
configure:20800: result: 8
configure:20814: checking size of void *
configure:20819: gcc -o conftest -g -O2   conftest.c  >&5
configure:20819: $? = 0
configure:20819: ./conftest
configure:20819: $? = 0
configure:20833: result: 8
configure:20843: checking for kpse_init_prog in -lkpathsea
configure:20868: gcc -o conftest -g -O2   conftest.c -lkpathsea   >&5
/usr/bin/ld: cannot find -lkpathsea
collect2: error: ld returned 1 exit status
configure:20868: $? = 1
configure: failed program was:
| /* confdefs.h */
| #define PACKAGE_NAME "Evince"
| #define PACKAGE_TARNAME "evince"
| #define PACKAGE_VERSION "3.10.3"
| #define PACKAGE_STRING "Evince 3.10.3"
| #define PACKAGE_BUGREPORT "http://bugzilla.gnome.org/enter_bug.cgi?product=evince"
| #define PACKAGE_URL ""
| #define PACKAGE "evince"
| #define VERSION "3.10.3"
| #define STDC_HEADERS 1
| #define HAVE_SYS_TYPES_H 1
| #define HAVE_SYS_STAT_H 1
| #define HAVE_STDLIB_H 1
| #define HAVE_STRING_H 1
| #define HAVE_MEMORY_H 1
| #define HAVE_STRINGS_H 1
| #define HAVE_INTTYPES_H 1
| #define HAVE_STDINT_H 1
| #define HAVE_UNISTD_H 1
| #define HAVE_DLFCN_H 1
| #define LT_OBJDIR ".libs/"
| #define GETTEXT_PACKAGE "evince"
| #define HAVE_LOCALE_H 1
| #define HAVE_LC_MESSAGES 1
| #define HAVE_BIND_TEXTDOMAIN_CODESET 1
| #define HAVE_GETTEXT 1
| #define HAVE_DCGETTEXT 1
| #define ENABLE_NLS 1
| #define GDK_VERSION_MIN_REQUIRED GDK_VERSION_3_8
| #define HAVE_ZLIB_H 1
| #define WITH_SMCLIENT 1
| #define HAVE_CAIRO_FORMAT_STRIDE_FOR_WIDTH 1
| #define GTKUNIXPRINT_ENABLED 1
| #define WITH_KEYRING 1
| #define ENABLE_DBUS 1
| #define HAVE_EXECINFO_H 1
| #define HAVE__NL_MEASUREMENT_MEASUREMENT 1
| #define HAVE_CAIRO_PDF 1
| #define HAVE_CAIRO_PS 1
| #define HAVE_TIFF_H 1
| #define ENABLE_TIFF 1
| #define SIZEOF_LONG 8
| #define SIZEOF_INT 4
| #define SIZEOF_SHORT 2
| #define SIZEOF_LONG_LONG 8
| #define SIZEOF_VOID_P 8
| /* end confdefs.h.  */
| 
| /* Override any GCC internal prototype to avoid an error.
|    Use char because int might match the return type of a GCC
|    builtin and then its argument prototype would still apply.  */
| #ifdef __cplusplus
| extern "C"
| #endif
| char kpse_init_prog ();
| int
| main ()
| {
| return kpse_init_prog ();
|   ;
|   return 0;
| }
configure:20877: result: no
configure:20891: WARNING: "Dvi support is disabled since kpathsea library is not found. Check your TeX installation."
configure:21005: checking for GXPS
configure:21012: $PKG_CONFIG --exists --print-errors "libgxps >= $GXPS_REQUIRED"
Package libgxps was not found in the pkg-config search path.
Perhaps you should add the directory containing `libgxps.pc'
to the PKG_CONFIG_PATH environment variable
No package 'libgxps' found
configure:21015: $? = 1
configure:21029: $PKG_CONFIG --exists --print-errors "libgxps >= $GXPS_REQUIRED"
Package libgxps was not found in the pkg-config search path.
Perhaps you should add the directory containing `libgxps.pc'
to the PKG_CONFIG_PATH environment variable
No package 'libgxps' found
configure:21032: $? = 1
configure:21046: result: no
No package 'libgxps' found
configure:21081: WARNING: "XPS support is disabled since libgxps (version >= 0.2.1) is needed
configure:21155: checking whether gcc understands -Wall
configure:21168: gcc -c -g -O2 -Wall  conftest.c >&5
configure:21168: $? = 0
configure:21175: result: yes
configure:21155: checking whether gcc understands -Wstrict-prototypes
configure:21168: gcc -c -g -O2 -Wstrict-prototypes  conftest.c >&5
conftest.c:51:1: warning: function declaration isn't a prototype [-Wstrict-prototypes]
 main ()
 ^
configure:21168: $? = 0
configure:21175: result: yes
configure:21155: checking whether gcc understands -Wnested-externs
configure:21168: gcc -c -g -O2 -Wnested-externs  conftest.c >&5
configure:21168: $? = 0
configure:21175: result: yes
configure:21155: checking whether gcc understands -Werror=missing-prototypes
configure:21168: gcc -c -g -O2 -Werror=missing-prototypes  conftest.c >&5
configure:21168: $? = 0
configure:21175: result: yes
configure:21155: checking whether gcc understands -Werror=implicit-function-declaration
configure:21168: gcc -c -g -O2 -Werror=implicit-function-declaration  conftest.c >&5
configure:21168: $? = 0
configure:21175: result: yes
configure:21155: checking whether gcc understands -Werror=pointer-arith
configure:21168: gcc -c -g -O2 -Werror=pointer-arith  conftest.c >&5
configure:21168: $? = 0
configure:21175: result: yes
configure:21155: checking whether gcc understands -Werror=init-self
configure:21168: gcc -c -g -O2 -Werror=init-self  conftest.c >&5
configure:21168: $? = 0
configure:21175: result: yes
configure:21155: checking whether gcc understands -Werror=format-security
configure:21168: gcc -c -g -O2 -Werror=format-security  conftest.c >&5
configure:21168: $? = 0
configure:21175: result: yes
configure:21155: checking whether gcc understands -Werror=format=2
configure:21168: gcc -c -g -O2 -Werror=format=2  conftest.c >&5
configure:21168: $? = 0
configure:21175: result: yes
configure:21155: checking whether gcc understands -Werror=missing-include-dirs
configure:21168: gcc -c -g -O2 -Werror=missing-include-dirs  conftest.c >&5
configure:21168: $? = 0
configure:21175: result: yes
configure:21185: checking what warning flags to pass to the C compiler
configure:21187: result:  -Wall -Wstrict-prototypes -Wnested-externs -Werror=missing-prototypes -Werror=implicit-function-declaration -Werror=pointer-arith -Werror=init-self -Werror=format-security -Werror=format=2 -Werror=missing-include-dirs
configure:21198: checking what language compliance flags to pass to the C compiler
configure:21213: result: 
configure:21282: checking for localtime_r
configure:21282: gcc -o conftest -g -O2   conftest.c  >&5
configure:21282: $? = 0
configure:21282: result: yes
configure:21313: checking for itstool
configure:21329: found /usr/bin/itstool
configure:21340: result: itstool
configure:21355: checking for xmllint
configure:21382: result: /usr/bin/xmllint
configure:21573: checking for gtkdoc-check
configure:21591: found /usr/bin/gtkdoc-check
configure:21603: result: /usr/bin/gtkdoc-check
configure:21615: checking for gtkdoc-rebase
configure:21633: found /usr/bin/gtkdoc-rebase
configure:21645: result: /usr/bin/gtkdoc-rebase
configure:21659: checking for gtkdoc-mkpdf
configure:21677: found /usr/bin/gtkdoc-mkpdf
configure:21689: result: /usr/bin/gtkdoc-mkpdf
configure:21803: checking whether to build gtk-doc documentation
configure:21805: result: no
configure:22040: checking that generated files are newer than configure
configure:22046: result: done
configure:22189: creating ./config.status

## ---------------------- ##
## Running config.status. ##
## ---------------------- ##

This file was extended by Evince config.status 3.10.3, which was
generated by GNU Autoconf 2.69.  Invocation command line was

  CONFIG_FILES    = 
  CONFIG_HEADERS  = 
  CONFIG_LINKS    = 
  CONFIG_COMMANDS = 
  $ ./config.status 

on vongo-W250EGQ-W270EGQ

config.status:1708: creating backend/Makefile
config.status:1708: creating backend/comics/Makefile
config.status:1708: creating backend/djvu/Makefile
config.status:1708: creating backend/dvi/Makefile
config.status:1708: creating backend/dvi/mdvi-lib/Makefile
config.status:1708: creating backend/pdf/Makefile
config.status:1708: creating backend/ps/Makefile
config.status:1708: creating backend/tiff/Makefile
config.status:1708: creating backend/xps/Makefile
config.status:1708: creating cut-n-paste/Makefile
config.status:1708: creating cut-n-paste/gimpcellrenderertoggle/Makefile
config.status:1708: creating cut-n-paste/smclient/Makefile
config.status:1708: creating cut-n-paste/synctex/Makefile
config.status:1708: creating data/evince.desktop.in
config.status:1708: creating data/evince-previewer.desktop.in
config.status:1708: creating data/Makefile
config.status:1708: creating data/icons/Makefile
config.status:1708: creating data/icons/16x16/Makefile
config.status:1708: creating data/icons/16x16/apps/Makefile
config.status:1708: creating data/icons/16x16/actions/Makefile
config.status:1708: creating data/icons/16x16/mimetypes/Makefile
config.status:1708: creating data/icons/22x22/Makefile
config.status:1708: creating data/icons/22x22/apps/Makefile
config.status:1708: creating data/icons/22x22/actions/Makefile
config.status:1708: creating data/icons/22x22/mimetypes/Makefile
config.status:1708: creating data/icons/24x24/Makefile
config.status:1708: creating data/icons/24x24/apps/Makefile
config.status:1708: creating data/icons/24x24/actions/Makefile
config.status:1708: creating data/icons/24x24/mimetypes/Makefile
config.status:1708: creating data/icons/32x32/Makefile
config.status:1708: creating data/icons/32x32/actions/Makefile
config.status:1708: creating data/icons/32x32/mimetypes/Makefile
config.status:1708: creating data/icons/48x48/Makefile
config.status:1708: creating data/icons/48x48/apps/Makefile
config.status:1708: creating data/icons/48x48/actions/Makefile
config.status:1708: creating data/icons/256x256/Makefile
config.status:1708: creating data/icons/256x256/apps/Makefile
config.status:1708: creating data/icons/scalable/Makefile
config.status:1708: creating data/icons/scalable/actions/Makefile
config.status:1708: creating data/icons/scalable/mimetypes/Makefile
config.status:1708: creating help/Makefile
config.status:1708: creating help/reference/Makefile
config.status:1708: creating help/reference/libdocument/Makefile
config.status:1708: creating help/reference/libdocument/version.xml
config.status:1708: creating help/reference/libview/Makefile
config.status:1708: creating help/reference/libview/version.xml
config.status:1708: creating help/reference/shell/Makefile
config.status:1708: creating help/reference/shell/version.xml
config.status:1708: creating libdocument/Makefile
config.status:1708: creating libdocument/ev-version.h
config.status:1708: creating libmisc/Makefile
config.status:1708: creating libview/Makefile
config.status:1708: creating Makefile
config.status:1708: creating po/Makefile.in
config.status:1708: creating previewer/Makefile
config.status:1708: creating properties/Makefile
config.status:1708: creating shell/Makefile
config.status:1708: creating test/Makefile
config.status:1708: creating thumbnailer/Makefile
config.status:1708: creating evince-document-3.0.pc
config.status:1708: creating evince-view-3.0.pc
config.status:1708: creating config.h
config.status:1937: executing depfiles commands
config.status:1937: executing libtool commands
config.status:1937: executing default-1 commands
config.status:1937: executing po/stamp-it commands
configure:24803:

Evince configure summary
========================

Platform .................:  gnome
Debug mode ...............:  yes
Tests ....................:  yes


FRONTENDS

Viewer ...................:  yes
Previewer ................:  yes
Thumbnailer ..............:  yes
Nautilus Extensions.......:  no


BACKENDS

PDF ......................:  yes
PostScript ...............:  no
TIFF .....................:  yes
DJVU .....................:  no
DVI ......................:  no
Comics ...................:  yes
XPS ......................:  no


FEATURES

GTK Doc reference ........:  no
GObject Introspection ....:  no
DBUS communication .......:  yes
Keyring integration ......:  yes
Session Manager client ...:  xsmp
GTK+ Unix Print ..........:  yes



## ---------------- ##
## Cache variables. ##
## ---------------- ##

ac_cv_build=x86_64-unknown-linux-gnu
ac_cv_c_compiler_gnu=yes
ac_cv_c_const=yes
ac_cv_c_inline=inline
ac_cv_cxx_compiler_gnu=yes
ac_cv_env_BACKEND_CFLAGS_set=
ac_cv_env_BACKEND_CFLAGS_value=
ac_cv_env_BACKEND_LIBS_set=
ac_cv_env_BACKEND_LIBS_value=
ac_cv_env_CAIRO_PDF_CFLAGS_set=
ac_cv_env_CAIRO_PDF_CFLAGS_value=
ac_cv_env_CAIRO_PDF_LIBS_set=
ac_cv_env_CAIRO_PDF_LIBS_value=
ac_cv_env_CAIRO_PS_CFLAGS_set=
ac_cv_env_CAIRO_PS_CFLAGS_value=
ac_cv_env_CAIRO_PS_LIBS_set=
ac_cv_env_CAIRO_PS_LIBS_value=
ac_cv_env_CCC_set=
ac_cv_env_CCC_value=
ac_cv_env_CC_set=
ac_cv_env_CC_value=
ac_cv_env_CFLAGS_set=
ac_cv_env_CFLAGS_value=
ac_cv_env_CPPFLAGS_set=
ac_cv_env_CPPFLAGS_value=
ac_cv_env_CPP_set=
ac_cv_env_CPP_value=
ac_cv_env_CXXCPP_set=
ac_cv_env_CXXCPP_value=
ac_cv_env_CXXFLAGS_set=
ac_cv_env_CXXFLAGS_value=
ac_cv_env_CXX_set=
ac_cv_env_CXX_value=
ac_cv_env_DESKTOP_SCHEMAS_CFLAGS_set=
ac_cv_env_DESKTOP_SCHEMAS_CFLAGS_value=
ac_cv_env_DESKTOP_SCHEMAS_LIBS_set=
ac_cv_env_DESKTOP_SCHEMAS_LIBS_value=
ac_cv_env_DJVU_CFLAGS_set=
ac_cv_env_DJVU_CFLAGS_value=
ac_cv_env_DJVU_LIBS_set=
ac_cv_env_DJVU_LIBS_value=
ac_cv_env_EV_DAEMON_CFLAGS_set=
ac_cv_env_EV_DAEMON_CFLAGS_value=
ac_cv_env_EV_DAEMON_LIBS_set=
ac_cv_env_EV_DAEMON_LIBS_value=
ac_cv_env_FRONTEND_CORE_CFLAGS_set=
ac_cv_env_FRONTEND_CORE_CFLAGS_value=
ac_cv_env_FRONTEND_CORE_LIBS_set=
ac_cv_env_FRONTEND_CORE_LIBS_value=
ac_cv_env_GDBUS_CODEGEN_set=
ac_cv_env_GDBUS_CODEGEN_value=
ac_cv_env_GLIB_COMPILE_RESOURCES_set=
ac_cv_env_GLIB_COMPILE_RESOURCES_value=
ac_cv_env_GLIB_GENMARSHAL_set=
ac_cv_env_GLIB_GENMARSHAL_value=
ac_cv_env_GLIB_MKENUMS_set=
ac_cv_env_GLIB_MKENUMS_value=
ac_cv_env_GTKDOC_DEPS_CFLAGS_set=
ac_cv_env_GTKDOC_DEPS_CFLAGS_value=
ac_cv_env_GTKDOC_DEPS_LIBS_set=
ac_cv_env_GTKDOC_DEPS_LIBS_value=
ac_cv_env_GTKUNIXPRINT_CFLAGS_set=
ac_cv_env_GTKUNIXPRINT_CFLAGS_value=
ac_cv_env_GTKUNIXPRINT_LIBS_set=
ac_cv_env_GTKUNIXPRINT_LIBS_value=
ac_cv_env_GXPS_CFLAGS_set=
ac_cv_env_GXPS_CFLAGS_value=
ac_cv_env_GXPS_LIBS_set=
ac_cv_env_GXPS_LIBS_value=
ac_cv_env_ITSTOOL_set=
ac_cv_env_ITSTOOL_value=
ac_cv_env_LDFLAGS_set=
ac_cv_env_LDFLAGS_value=
ac_cv_env_LIBDOCUMENT_CFLAGS_set=
ac_cv_env_LIBDOCUMENT_CFLAGS_value=
ac_cv_env_LIBDOCUMENT_LIBS_set=
ac_cv_env_LIBDOCUMENT_LIBS_value=
ac_cv_env_LIBSECRET_CFLAGS_set=
ac_cv_env_LIBSECRET_CFLAGS_value=
ac_cv_env_LIBSECRET_LIBS_set=
ac_cv_env_LIBSECRET_LIBS_value=
ac_cv_env_LIBS_set=
ac_cv_env_LIBS_value=
ac_cv_env_LIBVIEW_CFLAGS_set=
ac_cv_env_LIBVIEW_CFLAGS_value=
ac_cv_env_LIBVIEW_LIBS_set=
ac_cv_env_LIBVIEW_LIBS_value=
ac_cv_env_NAUTILUS_CFLAGS_set=
ac_cv_env_NAUTILUS_CFLAGS_value=
ac_cv_env_NAUTILUS_LIBS_set=
ac_cv_env_NAUTILUS_LIBS_value=
ac_cv_env_PKG_CONFIG_LIBDIR_set=
ac_cv_env_PKG_CONFIG_LIBDIR_value=
ac_cv_env_PKG_CONFIG_PATH_set=
ac_cv_env_PKG_CONFIG_PATH_value=
ac_cv_env_PKG_CONFIG_set=
ac_cv_env_PKG_CONFIG_value=
ac_cv_env_POPPLER_CFLAGS_set=
ac_cv_env_POPPLER_CFLAGS_value=
ac_cv_env_POPPLER_LIBS_set=
ac_cv_env_POPPLER_LIBS_value=
ac_cv_env_PREVIEWER_CFLAGS_set=
ac_cv_env_PREVIEWER_CFLAGS_value=
ac_cv_env_PREVIEWER_LIBS_set=
ac_cv_env_PREVIEWER_LIBS_value=
ac_cv_env_SHELL_CORE_CFLAGS_set=
ac_cv_env_SHELL_CORE_CFLAGS_value=
ac_cv_env_SHELL_CORE_LIBS_set=
ac_cv_env_SHELL_CORE_LIBS_value=
ac_cv_env_SMCLIENT_CFLAGS_set=
ac_cv_env_SMCLIENT_CFLAGS_value=
ac_cv_env_SMCLIENT_LIBS_set=
ac_cv_env_SMCLIENT_LIBS_value=
ac_cv_env_SPECTRE_CFLAGS_set=
ac_cv_env_SPECTRE_CFLAGS_value=
ac_cv_env_SPECTRE_LIBS_set=
ac_cv_env_SPECTRE_LIBS_value=
ac_cv_env_XMLLINT_set=
ac_cv_env_XMLLINT_value=
ac_cv_env_build_alias_set=
ac_cv_env_build_alias_value=
ac_cv_env_host_alias_set=
ac_cv_env_host_alias_value=
ac_cv_env_target_alias_set=
ac_cv_env_target_alias_value=
ac_cv_func_bind_textdomain_codeset=yes
ac_cv_func_cairo_format_stride_for_width=yes
ac_cv_func_dcgettext=yes
ac_cv_func_localtime_r=yes
ac_cv_have_decl__NL_MEASUREMENT_MEASUREMENT=yes
ac_cv_header_dlfcn_h=yes
ac_cv_header_execinfo_h=yes
ac_cv_header_inttypes_h=yes
ac_cv_header_libintl_h=yes
ac_cv_header_locale_h=yes
ac_cv_header_memory_h=yes
ac_cv_header_stdc=yes
ac_cv_header_stdint_h=yes
ac_cv_header_stdlib_h=yes
ac_cv_header_string_h=yes
ac_cv_header_strings_h=yes
ac_cv_header_sys_stat_h=yes
ac_cv_header_sys_types_h=yes
ac_cv_header_tiff_h=yes
ac_cv_header_unistd_h=yes
ac_cv_header_zlib_h=yes
ac_cv_host=x86_64-unknown-linux-gnu
ac_cv_lib_kpathsea_kpse_init_prog=no
ac_cv_lib_m_cos=yes
ac_cv_lib_tiff_TIFFOpen=yes
ac_cv_lib_tiff_TIFFReadRGBAImageOriented=yes
ac_cv_lib_z_crc32=yes
ac_cv_lib_z_inflate=yes
ac_cv_objext=o
ac_cv_path_EGREP='/bin/grep -E'
ac_cv_path_FGREP='/bin/grep -F'
ac_cv_path_GDBUS_CODEGEN=/usr/local/bin/gdbus-codegen
ac_cv_path_GLIB_COMPILE_RESOURCES=/usr/local/bin/glib-compile-resources
ac_cv_path_GLIB_GENMARSHAL=/usr/local/bin/glib-genmarshal
ac_cv_path_GLIB_MKENUMS=/usr/local/bin/glib-mkenums
ac_cv_path_GMSGFMT=/usr/bin/msgfmt
ac_cv_path_GREP=/bin/grep
ac_cv_path_GTKDOC_CHECK=/usr/bin/gtkdoc-check
ac_cv_path_GTKDOC_MKPDF=/usr/bin/gtkdoc-mkpdf
ac_cv_path_GTKDOC_REBASE=/usr/bin/gtkdoc-rebase
ac_cv_path_INTLTOOL_EXTRACT=/usr/bin/intltool-extract
ac_cv_path_INTLTOOL_MERGE=/usr/bin/intltool-merge
ac_cv_path_INTLTOOL_PERL=/usr/bin/perl
ac_cv_path_INTLTOOL_UPDATE=/usr/bin/intltool-update
ac_cv_path_MSGFMT=/usr/bin/msgfmt
ac_cv_path_MSGMERGE=/usr/bin/msgmerge
ac_cv_path_SED=/bin/sed
ac_cv_path_XGETTEXT=/usr/bin/xgettext
ac_cv_path_XMLLINT=/usr/bin/xmllint
ac_cv_path_ac_pt_PKG_CONFIG=/usr/bin/pkg-config
ac_cv_path_install='/usr/bin/install -c'
ac_cv_path_mkdir=/bin/mkdir
ac_cv_prog_AWK=gawk
ac_cv_prog_CPP='gcc -E'
ac_cv_prog_CXXCPP='g++ -E'
ac_cv_prog_ITSTOOL=itstool
ac_cv_prog_XMLLINT=/usr/bin/xmllint
ac_cv_prog_ac_ct_AR=ar
ac_cv_prog_ac_ct_CC=gcc
ac_cv_prog_ac_ct_CXX=g++
ac_cv_prog_ac_ct_MANIFEST_TOOL=mt
ac_cv_prog_ac_ct_OBJDUMP=objdump
ac_cv_prog_ac_ct_RANLIB=ranlib
ac_cv_prog_ac_ct_STRIP=strip
ac_cv_prog_cc_c89=
ac_cv_prog_cc_g=yes
ac_cv_prog_cc_gcc_c_o=yes
ac_cv_prog_cxx_g=yes
ac_cv_prog_make_make_set=yes
ac_cv_sizeof_int=4
ac_cv_sizeof_long=8
ac_cv_sizeof_long_long=8
ac_cv_sizeof_short=2
ac_cv_sizeof_void_p=8
ac_cv_type_size_t=yes
am_cv_CC_dependencies_compiler_type=gcc3
am_cv_CXX_dependencies_compiler_type=gcc3
am_cv_make_support_nested_variables=yes
am_cv_prog_tar_ustar=gnutar
am_cv_val_LC_MESSAGES=yes
gt_cv_func_dgettext_libc=yes
gt_cv_func_dgettext_libintl=no
gt_cv_func_ngettext_libc=yes
gt_cv_have_gettext=yes
lt_cv_ar_at_file=@
lt_cv_archive_cmds_need_lc=no
lt_cv_deplibs_check_method=pass_all
lt_cv_file_magic_cmd='$MAGIC_CMD'
lt_cv_file_magic_test_file=
lt_cv_ld_reload_flag=-r
lt_cv_nm_interface='BSD nm'
lt_cv_objdir=.libs
lt_cv_path_LD=/usr/bin/ld
lt_cv_path_LDCXX='/usr/bin/ld -m elf_x86_64'
lt_cv_path_NM='/usr/bin/nm -B'
lt_cv_path_mainfest_tool=no
lt_cv_prog_compiler_c_o=yes
lt_cv_prog_compiler_c_o_CXX=yes
lt_cv_prog_compiler_pic='-fPIC -DPIC'
lt_cv_prog_compiler_pic_CXX='-fPIC -DPIC'
lt_cv_prog_compiler_pic_works=yes
lt_cv_prog_compiler_pic_works_CXX=yes
lt_cv_prog_compiler_rtti_exceptions=no
lt_cv_prog_compiler_static_works=yes
lt_cv_prog_compiler_static_works_CXX=yes
lt_cv_prog_gnu_ld=yes
lt_cv_prog_gnu_ldcxx=yes
lt_cv_sharedlib_from_linklib_cmd='printf %s\n'
lt_cv_shlibpath_overrides_runpath=no
lt_cv_sys_global_symbol_pipe='sed -n -e '\''s/^.*[	 ]\([ABCDGIRSTW][ABCDGIRSTW]*\)[	 ][	 ]*\([_A-Za-z][_A-Za-z0-9]*\)$/\1 \2 \2/p'\'' | sed '\''/ __gnu_lto/d'\'''
lt_cv_sys_global_symbol_to_c_name_address='sed -n -e '\''s/^: \([^ ]*\)[ ]*$/  {\"\1\", (void *) 0},/p'\'' -e '\''s/^[ABCDGIRSTW]* \([^ ]*\) \([^ ]*\)$/  {"\2", (void *) \&\2},/p'\'''
lt_cv_sys_global_symbol_to_c_name_address_lib_prefix='sed -n -e '\''s/^: \([^ ]*\)[ ]*$/  {\"\1\", (void *) 0},/p'\'' -e '\''s/^[ABCDGIRSTW]* \([^ ]*\) \(lib[^ ]*\)$/  {"\2", (void *) \&\2},/p'\'' -e '\''s/^[ABCDGIRSTW]* \([^ ]*\) \([^ ]*\)$/  {"lib\2", (void *) \&\2},/p'\'''
lt_cv_sys_global_symbol_to_cdecl='sed -n -e '\''s/^T .* \(.*\)$/extern int \1();/p'\'' -e '\''s/^[ABCDGIRSTW]* .* \(.*\)$/extern char \1;/p'\'''
lt_cv_sys_max_cmd_len=1572864
lt_cv_to_host_file_cmd=func_convert_file_noop
lt_cv_to_tool_file_cmd=func_convert_file_noop
pkg_cv_BACKEND_CFLAGS='-pthread -I/usr/local/include/glib-2.0 -I/usr/local/lib/glib-2.0/include -I/usr/local/include/gtk-3.0 -I/usr/local/include/atk-1.0 -I/usr/local/include/pango-1.0 -I/usr/local/include/gio-unix-2.0/ -I/usr/local/include/gdk-pixbuf-2.0 -I/usr/include/cairo -I/usr/include/pixman-1 -I/usr/include/freetype2 -I/usr/include/libpng12 -I/usr/include/at-spi2-atk/2.0 -I/usr/include/harfbuzz  '
pkg_cv_BACKEND_LIBS='-L/usr/local/lib -lgtk-3 -lgdk-3 -latk-1.0 -lgio-2.0 -lpangocairo-1.0 -lgdk_pixbuf-2.0 -lcairo-gobject -lpango-1.0 -lcairo -lgobject-2.0 -lglib-2.0  '
pkg_cv_CAIRO_PDF_CFLAGS='-I/usr/local/include/glib-2.0 -I/usr/local/lib/glib-2.0/include -I/usr/include/cairo -I/usr/include/pixman-1 -I/usr/include/freetype2 -I/usr/include/libpng12  '
pkg_cv_CAIRO_PDF_LIBS='-lz -lcairo  '
pkg_cv_CAIRO_PS_CFLAGS='-I/usr/local/include/glib-2.0 -I/usr/local/lib/glib-2.0/include -I/usr/include/cairo -I/usr/include/pixman-1 -I/usr/include/freetype2 -I/usr/include/libpng12  '
pkg_cv_CAIRO_PS_LIBS='-lz -lcairo  '
pkg_cv_EV_DAEMON_CFLAGS='-pthread -I/usr/local/include/glib-2.0 -I/usr/local/lib/glib-2.0/include -I/usr/local/include/gio-unix-2.0/  '
pkg_cv_EV_DAEMON_LIBS='-L/usr/local/lib -lgio-2.0 -lgobject-2.0 -lglib-2.0  '
pkg_cv_FRONTEND_CORE_CFLAGS='-pthread -I/usr/local/include/gtk-3.0 -I/usr/local/include/atk-1.0 -I/usr/local/include/pango-1.0 -I/usr/local/include/gio-unix-2.0/ -I/usr/local/include/gdk-pixbuf-2.0 -I/usr/local/include/glib-2.0 -I/usr/local/lib/glib-2.0/include -I/usr/include/at-spi2-atk/2.0 -I/usr/include/cairo -I/usr/include/harfbuzz -I/usr/include/freetype2 -I/usr/include/pixman-1 -I/usr/include/libpng12  '
pkg_cv_FRONTEND_CORE_LIBS='-pthread -L/usr/local/lib -lgtk-3 -lgdk-3 -latk-1.0 -lpangocairo-1.0 -lgdk_pixbuf-2.0 -lcairo-gobject -lpango-1.0 -lcairo -lgthread-2.0 -lgio-2.0 -lgobject-2.0 -lgmodule-2.0 -lglib-2.0  '
pkg_cv_GTKUNIXPRINT_CFLAGS='-pthread -I/usr/local/include/gtk-3.0/unix-print -I/usr/local/include/gtk-3.0 -I/usr/local/include/atk-1.0 -I/usr/local/include/gdk-pixbuf-2.0 -I/usr/local/include/pango-1.0 -I/usr/local/include/gio-unix-2.0/ -I/usr/local/include/glib-2.0 -I/usr/local/lib/glib-2.0/include -I/usr/include/cairo -I/usr/include/at-spi2-atk/2.0 -I/usr/include/harfbuzz -I/usr/include/freetype2 -I/usr/include/pixman-1 -I/usr/include/libpng12  '
pkg_cv_GTKUNIXPRINT_LIBS='-L/usr/local/lib -lgtk-3 -lgdk-3 -latk-1.0 -lgio-2.0 -lpangocairo-1.0 -lgdk_pixbuf-2.0 -lcairo-gobject -lpango-1.0 -lcairo -lgobject-2.0 -lglib-2.0  '
pkg_cv_LIBDOCUMENT_CFLAGS='-pthread -I/usr/local/include/gtk-3.0 -I/usr/local/include/atk-1.0 -I/usr/local/include/pango-1.0 -I/usr/local/include/gio-unix-2.0/ -I/usr/local/include/gdk-pixbuf-2.0 -I/usr/local/include/glib-2.0 -I/usr/local/lib/glib-2.0/include -I/usr/include/at-spi2-atk/2.0 -I/usr/include/cairo -I/usr/include/harfbuzz -I/usr/include/freetype2 -I/usr/include/pixman-1 -I/usr/include/libpng12  '
pkg_cv_LIBDOCUMENT_LIBS='-pthread -Wl,--export-dynamic -L/usr/local/lib -lgtk-3 -lgdk-3 -latk-1.0 -lpangocairo-1.0 -lgdk_pixbuf-2.0 -lcairo-gobject -lpango-1.0 -lcairo -lgio-2.0 -lgobject-2.0 -lgmodule-2.0 -lglib-2.0  '
pkg_cv_LIBSECRET_CFLAGS='-pthread -I/usr/local/include/glib-2.0 -I/usr/local/lib/glib-2.0/include -I/usr/include/libsecret-1  '
pkg_cv_LIBSECRET_LIBS='-L/usr/local/lib -lsecret-1 -lgio-2.0 -lgobject-2.0 -lglib-2.0  '
pkg_cv_LIBVIEW_CFLAGS='-pthread -I/usr/local/include/gtk-3.0 -I/usr/local/include/atk-1.0 -I/usr/local/include/pango-1.0 -I/usr/local/include/gio-unix-2.0/ -I/usr/local/include/gdk-pixbuf-2.0 -I/usr/local/include/glib-2.0 -I/usr/local/lib/glib-2.0/include -I/usr/local/include/gail-3.0 -I/usr/include/at-spi2-atk/2.0 -I/usr/include/cairo -I/usr/include/harfbuzz -I/usr/include/freetype2 -I/usr/include/pixman-1 -I/usr/include/libpng12  '
pkg_cv_LIBVIEW_LIBS='-pthread -L/usr/local/lib -lgailutil-3 -lgtk-3 -lgdk-3 -latk-1.0 -lpangocairo-1.0 -lgdk_pixbuf-2.0 -lcairo-gobject -lpango-1.0 -lcairo -lgthread-2.0 -lgio-2.0 -lgobject-2.0 -lglib-2.0  '
pkg_cv_POPPLER_CFLAGS='-pthread -I/usr/local/include/poppler/glib -I/usr/local/include/poppler -I/usr/local/include/glib-2.0 -I/usr/local/lib/glib-2.0/include -I/usr/include/cairo -I/usr/include/pixman-1 -I/usr/include/freetype2 -I/usr/include/libpng12 -I/usr/include/libxml2  '
pkg_cv_POPPLER_LIBS='-L/usr/local/lib -lpoppler-glib -lgio-2.0 -lcairo -lgobject-2.0 -lglib-2.0 -lxml2  '
pkg_cv_PREVIEWER_CFLAGS='-pthread -I/usr/local/include/gtk-3.0 -I/usr/local/include/atk-1.0 -I/usr/local/include/pango-1.0 -I/usr/local/include/gio-unix-2.0/ -I/usr/local/include/gdk-pixbuf-2.0 -I/usr/local/include/glib-2.0 -I/usr/local/lib/glib-2.0/include -I/usr/include/at-spi2-atk/2.0 -I/usr/include/cairo -I/usr/include/harfbuzz -I/usr/include/freetype2 -I/usr/include/pixman-1 -I/usr/include/libpng12  '
pkg_cv_PREVIEWER_LIBS='-pthread -L/usr/local/lib -lgtk-3 -lgdk-3 -latk-1.0 -lpangocairo-1.0 -lgdk_pixbuf-2.0 -lcairo-gobject -lpango-1.0 -lcairo -lgthread-2.0 -lgio-2.0 -lgobject-2.0 -lgmodule-2.0 -lglib-2.0  '
pkg_cv_SHELL_CORE_CFLAGS='-pthread -I/usr/local/include/gtk-3.0 -I/usr/local/include/atk-1.0 -I/usr/local/include/pango-1.0 -I/usr/local/include/gio-unix-2.0/ -I/usr/local/include/gdk-pixbuf-2.0 -I/usr/local/include/glib-2.0 -I/usr/local/lib/glib-2.0/include -I/usr/include/libxml2 -I/usr/include/at-spi2-atk/2.0 -I/usr/include/cairo -I/usr/include/harfbuzz -I/usr/include/freetype2 -I/usr/include/pixman-1 -I/usr/include/libpng12  '
pkg_cv_SHELL_CORE_LIBS='-pthread -L/usr/local/lib -lxml2 -lgtk-3 -lgdk-3 -latk-1.0 -lpangocairo-1.0 -lgdk_pixbuf-2.0 -lcairo-gobject -lpango-1.0 -lcairo -lgio-2.0 -lgobject-2.0 -lgmodule-2.0 -lgthread-2.0 -lglib-2.0  '
pkg_cv_SMCLIENT_CFLAGS='-pthread -I/usr/local/include/gtk-3.0 -I/usr/local/include/atk-1.0 -I/usr/local/include/pango-1.0 -I/usr/local/include/gio-unix-2.0/ -I/usr/local/include/gdk-pixbuf-2.0 -I/usr/local/include/glib-2.0 -I/usr/local/lib/glib-2.0/include -I/usr/include/at-spi2-atk/2.0 -I/usr/include/cairo -I/usr/include/harfbuzz -I/usr/include/freetype2 -I/usr/include/pixman-1 -I/usr/include/libpng12  '
pkg_cv_SMCLIENT_LIBS='-pthread -L/usr/local/lib -lgtk-3 -lgdk-3 -latk-1.0 -lgio-2.0 -lpangocairo-1.0 -lgdk_pixbuf-2.0 -lcairo-gobject -lpango-1.0 -lcairo -lgobject-2.0 -lgthread-2.0 -lglib-2.0 -lSM -lICE -lX11  '

## ----------------- ##
## Output variables. ##
## ----------------- ##

























		$(INSTALL_DATA) $^ "$(DESTDIR)$(gsettingsschemadir)"; \
		test -n "$(GSETTINGS_DISABLE_SCHEMAS_COMPILE)$(DESTDIR)" || $(GLIB_COMPILE_SCHEMAS) $(gsettingsschemadir); \
		test -z "$(gsettingsschemadir)" || $(MKDIR_P) "$(DESTDIR)$(gsettingsschemadir)"; \
	      $(INSTALL_DATA) "$$d$$lc/$$f" "$$helpdir$$f" || exit 1; \
	      $(LN_S) -f "$(HELP_DIR)/C/$(HELP_ID)/$$f" "$$helpdir$$f" || exit 1; \
	      echo "$(INSTALL_DATA) $$d$$lc/$$f $$helpdir$$f"; \
	      echo "$(LN_S) -f $(HELP_DIR)/C/$(HELP_ID)/$$f $$helpdir$$f"; \
	    $(ITSTOOL) -o "$(notdir $@).tmp" $(_HELP_C_FILES) && \
	    $(ITSTOOL) -o "$(notdir $@).tmp" $(_HELP_C_FILES) && \
	    $(XMLLINT) --noout --noent --path "$$xmlpath" --xinclude "$$d$$lc/$$page"; \
	    cp -p "$$d$$lc/$$file" "$(distdir)/$$lc/" || exit 1; \
	    d="$(srcdir)/"; \
	    echo "$(XMLLINT) --noout --noent --path $$xmlpath --xinclude $$d$$lc/$$page"; \
	    echo "rm -f $$helpdir$$f"; \
	    elif test "x$$lc" != "xC"; then \
	    fi; \
	    helpdir="$(DESTDIR)$(HELP_DIR)/$$lc/$(HELP_ID)/"; \
	    helpdir="$(DESTDIR)$(HELP_DIR)/$$lc/$(HELP_ID)/"; \
	    if ! test -d "$$helpdir$$mdir"; then $(mkinstalldirs) "$$helpdir$$mdir"; fi; \
	    if test "x$mdir" = "x."; then mdir=""; fi; \
	    if test -f "$$d$$lc/$$f"; then \
	    if test -f "$$lc$$f"; then d=; else d="$(srcdir)/"; fi; \
	    if test -f "$$lc/$$file"; then d=./; else d=$(srcdir)/; fi; \
	    mdir=`dirname "$$f"`; \
	    msgmerge -o "$(notdir $@)" "$(notdir $@)" "$(notdir $@).tmp" && \
	    mv "$(notdir $@).tmp" "$(notdir $@)"); \
	    rm "$(notdir $@).tmp"); \
	    rm -f "$$helpdir$$f"; \
	    then d=; \
	    xmlpath="$$lc"; \
	    xmlpath="$$lc:$(srcdir)/$$lc"; \
	  $(INSTALL_DATA) "$$d$$f" "$$helpdir`basename $$f`" || exit 1; \
	  $(INSTALL_DATA) "$$d$$lc/$$f" "$$helpdir`basename $$f`" || exit 1; \
	  $(MKDIR_P) "$(distdir)/$$lc"; \
	  $(mkinstalldirs) "$(DESTDIR)$(HELP_DIR)/$$lc/$(HELP_ID)" || exit 1; \
	  (cd "$(dir $@)" && \
	  (cd "$(dir $@)" && \
	  done; \
	  done; \
	  done; \
	  done; \
	  echo "$(INSTALL_DATA) $$d$$f $$helpdir`basename $$f`"; \
	  echo "$(INSTALL_DATA) $$d$$lc/$$f $$helpdir`basename $$f`"; \
	  echo "rm -f $$helpdir`basename $$f`"; \
	  echo "rm -f $$helpdir`basename $$f`"; \
	  else \
	  fi; \
	  for file in $(HELP_FILES); do \
	  for lc in C $(_HELP_LINGUAS); do \
	  for lc in C $(_HELP_LINGUAS); do \
	  for page in $(HELP_FILES); do \
	  helpdir="$(DESTDIR)$(HELP_DIR)/$$lc/$(HELP_ID)/"; \
	  helpdir="$(DESTDIR)$(HELP_DIR)/$$lc/$(HELP_ID)/"; \
	  helpdir="$(DESTDIR)$(HELP_DIR)/$$lc/$(HELP_ID)/"; \
	  helpdir="$(DESTDIR)$(HELP_DIR)/$$lc/$(HELP_ID)/"; \
	  if ! test -d "$$helpdir"; then $(mkinstalldirs) "$$helpdir"; fi; \
	  if ! test -d "$$helpdir"; then $(mkinstalldirs) "$$helpdir"; fi; \
	  if test "x$(_HELP_V)" = "x0"; then echo "  GEN    $${po}"; fi; \
	  if test -d "$$lc"; \
	  if test -f "$$f"; then d=; else d="$(srcdir)/"; fi; \
	  if test -f "$$lc/$$f"; then d=; else d="$(srcdir)/"; fi; \
	  lc=`dirname "$$f"`; lc=`basename "$$lc"`; \
	  lc=`dirname "$$f"`; lc=`basename "$$lc"`; \
	  msgmerge -q -o "$${po}" "$${po}" "$(_HELP_POTFILE)"; \
	  rm -f "$$helpdir`basename $$f`"; \
	  rm -f "$$helpdir`basename $$f`"; \
	$(AM_V_GEN) glib-mkenums --comments '\''<!-- @comment@ -->'\'' --fhead "<schemalist>" --vhead "  <@type@ id='\''$(gsettings_ENUM_NAMESPACE).@EnumName@'\''>" --vprod "    <value nick='\''@valuenick@'\'' value='\''@valuenum@'\''/>" --vtail "  </@type@>" --ftail "</schemalist>" $^ > $@.tmp && mv $@.tmp $@
	$(AM_V_GEN) if test -f "$<"; then d=; else d="$(srcdir)/"; fi; $(GLIB_COMPILE_SCHEMAS) --strict --dry-run $(addprefix --schema-file=,$(gsettings__enum_file)) --schema-file=$${d}$< && touch $@
	$(AM_V_GEN)$(ITSTOOL) -o "$@" $(_HELP_C_FILES)
	$(AM_V_GEN)if ! test -f "$@"; then \
	$(AM_V_GEN)msgfmt -o "$@" "$<"
	$(AM_V_at)for po in $(_HELP_POFILES); do \
	$(AM_V_at)if ! test -d "$(dir $@)"; then mkdir "$(dir $@)"; fi
	$(AM_V_at)if ! test -d "$(dir $@)"; then mkdir "$(dir $@)"; fi
	$(AM_V_at)if ! test -d "$(dir $@)"; then mkdir "$(dir $@)"; fi
	$(AM_V_at)if test ! -f "$@" -a -f "$(srcdir)/$@"; then cp "$(srcdir)/$@" "$@"; fi
	$(_HELP_LC_VERBOSE)if test -d "C"; then d="../"; else d="$(abs_srcdir)/"; fi; \
	(cd "$(dir $@)" && $(ITSTOOL) -m "$${mo}" $(foreach f,$(_HELP_C_FILES),$${d}/$(f))) && \
	@$(NORMAL_INSTALL)
	@$(NORMAL_UNINSTALL)
	@for f in $(HELP_MEDIA); do \
	@for f in $(HELP_MEDIA); do \
	@for f in $(_HELP_C_EXTRA); do \
	@for f in $(_HELP_C_EXTRA); do \
	@for lc in C $(HELP_LINGUAS); do \
	@for lc in C $(_HELP_LINGUAS); do \
	@for lc in C $(_HELP_LINGUAS); do for f in $(HELP_FILES); do \
	@list='\''$(gsettings_SCHEMAS) $(gsettings__enum_file)'\''; test -n "$(gsettingsschemadir)" || list=; \
	cd "$(DESTDIR)$(gsettingsschemadir)" && rm -f $$files
	done
	done
	done
	done
	done
	done
	done;
	done; \
	done; done
	done; done
	echo " ( cd '\''$(DESTDIR)$(gsettingsschemadir)'\'' && rm -f" $$files ")"; \
	else \
	fi
	fi
	files=`for p in $$list; do echo $$p; done | sed -e '\''s|^.*/||'\''`; \
	for lc in C $(_HELP_LINGUAS); do \
	for lc in C $(_HELP_LINGUAS); do for f in $(HELP_FILES); do \
	if test -f "$${mo}"; then mo="../$${mo}"; else mo="$(abs_srcdir)/$${mo}"; fi; \
	if test -n "$^"; then \
	mo="$(dir $@)$(patsubst %/$(notdir $@),%,$@).mo"; \
	rm -f $(_HELP_LC_FILES) $(_HELP_LC_STAMPS) $(_HELP_MOFILES)
	rm -f $(gsettings_SCHEMAS:.xml=.valid) $(gsettings__enum_file)
	test -n "$$files" || exit 0; \
	test -n "$(GSETTINGS_DISABLE_SCHEMAS_COMPILE)$(DESTDIR)" || $(GLIB_COMPILE_SCHEMAS) $(gsettingsschemadir)
	touch "$@"
$(_HELP_LC_FILES): $(_HELP_LINGUAS)
$(_HELP_LC_STAMPS): $(_HELP_C_FILES) $(_HELP_C_EXTRA)
$(_HELP_LC_STAMPS): %.stamp: %.mo
$(_HELP_LINGUAS): $(_HELP_LC_STAMPS)
$(_HELP_MOFILES): %.mo: %.po
$(_HELP_POFILES):
$(_HELP_POTFILE): $(_HELP_C_FILES) $(_HELP_C_EXTRA) $(_HELP_C_MEDIA)
$(gsettings__enum_file): $(gsettings_ENUM_FILES)
%.gschema.valid: %.gschema.xml $(gsettings__enum_file)
'
.PHONY : uninstall-gsettings-schemas install-gsettings-schemas clean-gsettings-schemas
.PHONY: check-help
.PHONY: clean-help
.PHONY: install-help
.PHONY: pot
.PHONY: repo
.PHONY: uninstall-help
.SECONDARY: $(gsettings_SCHEMAS)
ACLOCAL='${SHELL} /home/vongo/Bureau/Projects/Tevince/evince/missing aclocal-1.13'
ALL_LINGUAS=''
AMDEPBACKSLASH='\'
AMDEP_FALSE='#'
AMDEP_TRUE=''
AMTAR='$${TAR-tar}'
AM_BACKSLASH='\'
AM_CFLAGS='  -Wall -Wstrict-prototypes -Wnested-externs -Werror=missing-prototypes -Werror=implicit-function-declaration -Werror=pointer-arith -Werror=init-self -Werror=format-security -Werror=format=2 -Werror=missing-include-dirs '
AM_CPPFLAGS=''
AM_CXXFLAGS=' -g -O2 -Wall -Wno-unused '
AM_DEFAULT_V='$(AM_DEFAULT_VERBOSITY)'
AM_DEFAULT_VERBOSITY='0'
AM_LDFLAGS=''
AM_V='$(V)'
AR='ar'
AUTOCONF='${SHELL} /home/vongo/Bureau/Projects/Tevince/evince/missing autoconf'
AUTOHEADER='${SHELL} /home/vongo/Bureau/Projects/Tevince/evince/missing autoheader'
AUTOMAKE='${SHELL} /home/vongo/Bureau/Projects/Tevince/evince/missing automake-1.13'
AWK='gawk'
BACKEND_CFLAGS='-pthread -I/usr/local/include/glib-2.0 -I/usr/local/lib/glib-2.0/include -I/usr/local/include/gtk-3.0 -I/usr/local/include/atk-1.0 -I/usr/local/include/pango-1.0 -I/usr/local/include/gio-unix-2.0/ -I/usr/local/include/gdk-pixbuf-2.0 -I/usr/include/cairo -I/usr/include/pixman-1 -I/usr/include/freetype2 -I/usr/include/libpng12 -I/usr/include/at-spi2-atk/2.0 -I/usr/include/harfbuzz   -DGDK_MULTIHEAD_SAFE -DGTK_MULTIHEAD_SAFE -DEV_ENABLE_DEBUG'
BACKEND_LIBS='-L/usr/local/lib -lgtk-3 -lgdk-3 -latk-1.0 -lgio-2.0 -lpangocairo-1.0 -lgdk_pixbuf-2.0 -lcairo-gobject -lpango-1.0 -lcairo -lgobject-2.0 -lglib-2.0   -lm'
BACKEND_LIBTOOL_FLAGS='-module -avoid-version -no-undefined -export-symbols $(top_srcdir)/backend/backend.symbols'
CAIRO_PDF_CFLAGS='-I/usr/local/include/glib-2.0 -I/usr/local/lib/glib-2.0/include -I/usr/include/cairo -I/usr/include/pixman-1 -I/usr/include/freetype2 -I/usr/include/libpng12  '
CAIRO_PDF_LIBS='-lz -lcairo  '
CAIRO_PS_CFLAGS='-I/usr/local/include/glib-2.0 -I/usr/local/lib/glib-2.0/include -I/usr/include/cairo -I/usr/include/pixman-1 -I/usr/include/freetype2 -I/usr/include/libpng12  '
CAIRO_PS_LIBS='-lz -lcairo  '
CATALOGS=''
CATOBJEXT='.gmo'
CC='gcc'
CCDEPMODE='depmode=gcc3'
CFLAGS='-g -O2'
CPP='gcc -E'
CPPFLAGS=''
CXX='g++'
CXXCPP='g++ -E'
CXXDEPMODE='depmode=gcc3'
CXXFLAGS='-g -O2'
CYGPATH_W='echo'
DATADIRNAME='share'
DEFS='-DHAVE_CONFIG_H'
DEPDIR='.deps'
DESKTOP_SCHEMAS_CFLAGS=''
DESKTOP_SCHEMAS_LIBS=''
DJVU_CFLAGS=''
DJVU_LIBS=''
DLLTOOL='false'
DSYMUTIL=''
DUMPBIN=''
ECHO_C=''
ECHO_N='-n'
ECHO_T=''
EGREP='/bin/grep -E'
ENABLE_COMICS_FALSE='#'
ENABLE_COMICS_TRUE=''
ENABLE_DBUS_FALSE='#'
ENABLE_DBUS_TRUE=''
ENABLE_DJVU_FALSE=''
ENABLE_DJVU_TRUE='#'
ENABLE_DVI_FALSE=''
ENABLE_DVI_TRUE='#'
ENABLE_GTK_DOC_FALSE=''
ENABLE_GTK_DOC_TRUE='#'
ENABLE_NAUTILUS_FALSE=''
ENABLE_NAUTILUS_TRUE='#'
ENABLE_PDF_FALSE='#'
ENABLE_PDF_TRUE=''
ENABLE_PREVIEWER_FALSE='#'
ENABLE_PREVIEWER_TRUE=''
ENABLE_PS_FALSE=''
ENABLE_PS_TRUE='#'
ENABLE_TESTS_FALSE='#'
ENABLE_TESTS_TRUE=''
ENABLE_THUMBNAILER_FALSE='#'
ENABLE_THUMBNAILER_TRUE=''
ENABLE_TIFF_FALSE='#'
ENABLE_TIFF_TRUE=''
ENABLE_VIEWER_FALSE='#'
ENABLE_VIEWER_TRUE=''
ENABLE_XPS_FALSE=''
ENABLE_XPS_TRUE='#'
EVINCE_MIME_TYPES='application/pdf;application/x-bzpdf;application/x-gzpdf;application/x-xzpdf;image/tiff;application/x-cbr;application/x-cbz;application/x-cb7;application/x-cbt;'
EV_API_VERSION='3.0'
EV_API_VERSION_U='3_0'
EV_BINARY_VERSION='4'
EV_DAEMON_CFLAGS='-pthread -I/usr/local/include/glib-2.0 -I/usr/local/lib/glib-2.0/include -I/usr/local/include/gio-unix-2.0/   -DEV_ENABLE_DEBUG'
EV_DAEMON_LIBS='-L/usr/local/lib -lgio-2.0 -lgobject-2.0 -lglib-2.0  '
EV_DOCUMENT_LT_CURRENT_MINUS_AGE='4'
EV_DOCUMENT_LT_VERSION_INFO='4:0:0'
EV_INTLTOOL_EVINCE_BACKEND_RULE='%.evince-backend:   %.evince-backend.in   $(INTLTOOL_MERGE) $(wildcard $(top_srcdir)/po/*.po) ; $(AM_V_GEN) LC_ALL=C $(INTLTOOL_MERGE) -d -u -c $(top_builddir)/po/.intltool-merge-cache $(top_srcdir)/po $< $@'
EV_MAJOR_VERSION='3'
EV_MICRO_VERSION='3'
EV_MINOR_VERSION='10'
EV_VIEW_LT_CURRENT_MINUS_AGE='3'
EV_VIEW_LT_VERSION_INFO='3:0:0'
EXEEXT=''
EXTRA_DIST += $(_HELP_C_EXTRA) $(_HELP_C_MEDIA)
EXTRA_DIST += $(foreach f,$(HELP_MEDIA),$(foreach lc,$(HELP_LINGUAS),$(wildcard $(lc)/$(f))))
EXTRA_DIST += $(foreach lc,$(HELP_LINGUAS),$(lc)/$(lc).po)
EXTRA_DIST += $(foreach lc,$(HELP_LINGUAS),$(lc)/$(lc).stamp)
EXTRA_DIST ?=
FGREP='/bin/grep -F'
FRONTEND_CFLAGS='-pthread -I/usr/local/include/gtk-3.0 -I/usr/local/include/atk-1.0 -I/usr/local/include/pango-1.0 -I/usr/local/include/gio-unix-2.0/ -I/usr/local/include/gdk-pixbuf-2.0 -I/usr/local/include/glib-2.0 -I/usr/local/lib/glib-2.0/include -I/usr/include/at-spi2-atk/2.0 -I/usr/include/cairo -I/usr/include/harfbuzz -I/usr/include/freetype2 -I/usr/include/pixman-1 -I/usr/include/libpng12   -DEV_ENABLE_DEBUG'
FRONTEND_CORE_CFLAGS='-pthread -I/usr/local/include/gtk-3.0 -I/usr/local/include/atk-1.0 -I/usr/local/include/pango-1.0 -I/usr/local/include/gio-unix-2.0/ -I/usr/local/include/gdk-pixbuf-2.0 -I/usr/local/include/glib-2.0 -I/usr/local/lib/glib-2.0/include -I/usr/include/at-spi2-atk/2.0 -I/usr/include/cairo -I/usr/include/harfbuzz -I/usr/include/freetype2 -I/usr/include/pixman-1 -I/usr/include/libpng12  '
FRONTEND_CORE_LIBS='-pthread -L/usr/local/lib -lgtk-3 -lgdk-3 -latk-1.0 -lpangocairo-1.0 -lgdk_pixbuf-2.0 -lcairo-gobject -lpango-1.0 -lcairo -lgthread-2.0 -lgio-2.0 -lgobject-2.0 -lgmodule-2.0 -lglib-2.0  '
FRONTEND_LIBS='-pthread -L/usr/local/lib -lgtk-3 -lgdk-3 -latk-1.0 -lpangocairo-1.0 -lgdk_pixbuf-2.0 -lcairo-gobject -lpango-1.0 -lcairo -lgthread-2.0 -lgio-2.0 -lgobject-2.0 -lgmodule-2.0 -lglib-2.0   -lz'
GDBUS_CODEGEN='/usr/local/bin/gdbus-codegen'
GETTEXT_PACKAGE='evince'
GLIB_COMPILE_RESOURCES='/usr/local/bin/glib-compile-resources'
GLIB_COMPILE_SCHEMAS='glib-compile-schemas'
GLIB_GENMARSHAL='/usr/local/bin/glib-genmarshal'
GLIB_MKENUMS='/usr/local/bin/glib-mkenums'
GLIB_PREFIX='/usr/local'
GLIB_REQUIRED='2.36.0'
GMOFILES=''
GMSGFMT='/usr/bin/msgfmt'
GREP='/bin/grep'
GSETTINGS_DISABLE_SCHEMAS_COMPILE=''
GSETTINGS_RULES='
GTKDOC_CHECK='/usr/bin/gtkdoc-check'
GTKDOC_DEPS_CFLAGS=''
GTKDOC_DEPS_LIBS=''
GTKDOC_MKPDF='/usr/bin/gtkdoc-mkpdf'
GTKDOC_REBASE='/usr/bin/gtkdoc-rebase'
GTKUNIXPRINT_CFLAGS='-pthread -I/usr/local/include/gtk-3.0/unix-print -I/usr/local/include/gtk-3.0 -I/usr/local/include/atk-1.0 -I/usr/local/include/gdk-pixbuf-2.0 -I/usr/local/include/pango-1.0 -I/usr/local/include/gio-unix-2.0/ -I/usr/local/include/glib-2.0 -I/usr/local/lib/glib-2.0/include -I/usr/include/cairo -I/usr/include/at-spi2-atk/2.0 -I/usr/include/harfbuzz -I/usr/include/freetype2 -I/usr/include/pixman-1 -I/usr/include/libpng12  '
GTKUNIXPRINT_LIBS='-L/usr/local/lib -lgtk-3 -lgdk-3 -latk-1.0 -lgio-2.0 -lpangocairo-1.0 -lgdk_pixbuf-2.0 -lcairo-gobject -lpango-1.0 -lcairo -lgobject-2.0 -lglib-2.0  '
GTK_DOC_BUILD_HTML_FALSE='#'
GTK_DOC_BUILD_HTML_TRUE=''
GTK_DOC_BUILD_PDF_FALSE=''
GTK_DOC_BUILD_PDF_TRUE='#'
GTK_DOC_USE_LIBTOOL_FALSE='#'
GTK_DOC_USE_LIBTOOL_TRUE=''
GTK_DOC_USE_REBASE_FALSE='#'
GTK_DOC_USE_REBASE_TRUE=''
GTK_PREFIX='/usr/local'
GTK_REQUIRED='3.8.0'
GXPS_CFLAGS=''
GXPS_LIBS=''
HAVE_INTROSPECTION_FALSE=''
HAVE_INTROSPECTION_TRUE='#'
HAVE_SPECTRE_FALSE=''
HAVE_SPECTRE_TRUE='#'
HELP_DIR='${datadir}/help'
HELP_EXTRA ?=
HELP_FILES ?=
HELP_ID ?=
HELP_LINGUAS ?=
HELP_MEDIA ?=
HELP_POT ?=
HTML_DIR='${datadir}/gtk-doc/html'
INSTALL_DATA='${INSTALL} -m 644'
INSTALL_PROGRAM='${INSTALL}'
INSTALL_SCRIPT='${INSTALL}'
INSTALL_STRIP_PROGRAM='$(install_sh) -c -s'
INSTOBJEXT='.mo'
INTLLIBS=''
INTLTOOL_CAVES_RULE='%.caves:     %.caves.in     $(INTLTOOL_MERGE) $(wildcard $(top_srcdir)/po/*.po) ; $(INTLTOOL_V_MERGE)LC_ALL=C $(INTLTOOL_MERGE) $(INTLTOOL_V_MERGE_OPTIONS) -d -u -c $(top_builddir)/po/.intltool-merge-cache $(top_srcdir)/po $< $@'
INTLTOOL_DESKTOP_RULE='%.desktop:   %.desktop.in   $(INTLTOOL_MERGE) $(wildcard $(top_srcdir)/po/*.po) ; $(INTLTOOL_V_MERGE)LC_ALL=C $(INTLTOOL_MERGE) $(INTLTOOL_V_MERGE_OPTIONS) -d -u -c $(top_builddir)/po/.intltool-merge-cache $(top_srcdir)/po $< $@'
INTLTOOL_DIRECTORY_RULE='%.directory: %.directory.in $(INTLTOOL_MERGE) $(wildcard $(top_srcdir)/po/*.po) ; $(INTLTOOL_V_MERGE)LC_ALL=C $(INTLTOOL_MERGE) $(INTLTOOL_V_MERGE_OPTIONS) -d -u -c $(top_builddir)/po/.intltool-merge-cache $(top_srcdir)/po $< $@'
INTLTOOL_EXTRACT='/usr/bin/intltool-extract'
INTLTOOL_KBD_RULE='%.kbd:       %.kbd.in       $(INTLTOOL_MERGE) $(wildcard $(top_srcdir)/po/*.po) ; $(INTLTOOL_V_MERGE)LC_ALL=C $(INTLTOOL_MERGE) $(INTLTOOL_V_MERGE_OPTIONS) -x -u -m -c $(top_builddir)/po/.intltool-merge-cache $(top_srcdir)/po $< $@'
INTLTOOL_KEYS_RULE='%.keys:      %.keys.in      $(INTLTOOL_MERGE) $(wildcard $(top_srcdir)/po/*.po) ; $(INTLTOOL_V_MERGE)LC_ALL=C $(INTLTOOL_MERGE) $(INTLTOOL_V_MERGE_OPTIONS) -k -u -c $(top_builddir)/po/.intltool-merge-cache $(top_srcdir)/po $< $@'
INTLTOOL_MERGE='/usr/bin/intltool-merge'
INTLTOOL_OAF_RULE='%.oaf:       %.oaf.in       $(INTLTOOL_MERGE) $(wildcard $(top_srcdir)/po/*.po) ; $(INTLTOOL_V_MERGE)LC_ALL=C $(INTLTOOL_MERGE) $(INTLTOOL_V_MERGE_OPTIONS) -o -p $(top_srcdir)/po $< $@'
INTLTOOL_PERL='/usr/bin/perl'
INTLTOOL_POLICY_RULE='%.policy:    %.policy.in    $(INTLTOOL_MERGE) $(wildcard $(top_srcdir)/po/*.po) ; $(INTLTOOL_V_MERGE)LC_ALL=C $(INTLTOOL_MERGE) $(INTLTOOL_V_MERGE_OPTIONS) -x -u -c $(top_builddir)/po/.intltool-merge-cache $(top_srcdir)/po $< $@'
INTLTOOL_PONG_RULE='%.pong:      %.pong.in      $(INTLTOOL_MERGE) $(wildcard $(top_srcdir)/po/*.po) ; $(INTLTOOL_V_MERGE)LC_ALL=C $(INTLTOOL_MERGE) $(INTLTOOL_V_MERGE_OPTIONS) -x -u -c $(top_builddir)/po/.intltool-merge-cache $(top_srcdir)/po $< $@'
INTLTOOL_PROP_RULE='%.prop:      %.prop.in      $(INTLTOOL_MERGE) $(wildcard $(top_srcdir)/po/*.po) ; $(INTLTOOL_V_MERGE)LC_ALL=C $(INTLTOOL_MERGE) $(INTLTOOL_V_MERGE_OPTIONS) -d -u -c $(top_builddir)/po/.intltool-merge-cache $(top_srcdir)/po $< $@'
INTLTOOL_SCHEMAS_RULE='%.schemas:   %.schemas.in   $(INTLTOOL_MERGE) $(wildcard $(top_srcdir)/po/*.po) ; $(INTLTOOL_V_MERGE)LC_ALL=C $(INTLTOOL_MERGE) $(INTLTOOL_V_MERGE_OPTIONS) -s -u -c $(top_builddir)/po/.intltool-merge-cache $(top_srcdir)/po $< $@'
INTLTOOL_SERVER_RULE='%.server:    %.server.in    $(INTLTOOL_MERGE) $(wildcard $(top_srcdir)/po/*.po) ; $(INTLTOOL_V_MERGE)LC_ALL=C $(INTLTOOL_MERGE) $(INTLTOOL_V_MERGE_OPTIONS) -o -u -c $(top_builddir)/po/.intltool-merge-cache $(top_srcdir)/po $< $@'
INTLTOOL_SERVICE_RULE='%.service: %.service.in   $(INTLTOOL_MERGE) $(wildcard $(top_srcdir)/po/*.po) ; $(INTLTOOL_V_MERGE)LC_ALL=C $(INTLTOOL_MERGE) $(INTLTOOL_V_MERGE_OPTIONS) -d -u -c $(top_builddir)/po/.intltool-merge-cache $(top_srcdir)/po $< $@'
INTLTOOL_SHEET_RULE='%.sheet:     %.sheet.in     $(INTLTOOL_MERGE) $(wildcard $(top_srcdir)/po/*.po) ; $(INTLTOOL_V_MERGE)LC_ALL=C $(INTLTOOL_MERGE) $(INTLTOOL_V_MERGE_OPTIONS) -x -u -c $(top_builddir)/po/.intltool-merge-cache $(top_srcdir)/po $< $@'
INTLTOOL_SOUNDLIST_RULE='%.soundlist: %.soundlist.in $(INTLTOOL_MERGE) $(wildcard $(top_srcdir)/po/*.po) ; $(INTLTOOL_V_MERGE)LC_ALL=C $(INTLTOOL_MERGE) $(INTLTOOL_V_MERGE_OPTIONS) -d -u -c $(top_builddir)/po/.intltool-merge-cache $(top_srcdir)/po $< $@'
INTLTOOL_THEME_RULE='%.theme:     %.theme.in     $(INTLTOOL_MERGE) $(wildcard $(top_srcdir)/po/*.po) ; $(INTLTOOL_V_MERGE)LC_ALL=C $(INTLTOOL_MERGE) $(INTLTOOL_V_MERGE_OPTIONS) -d -u -c $(top_builddir)/po/.intltool-merge-cache $(top_srcdir)/po $< $@'
INTLTOOL_UI_RULE='%.ui:        %.ui.in        $(INTLTOOL_MERGE) $(wildcard $(top_srcdir)/po/*.po) ; $(INTLTOOL_V_MERGE)LC_ALL=C $(INTLTOOL_MERGE) $(INTLTOOL_V_MERGE_OPTIONS) -x -u -c $(top_builddir)/po/.intltool-merge-cache $(top_srcdir)/po $< $@'
INTLTOOL_UPDATE='/usr/bin/intltool-update'
INTLTOOL_V_MERGE='$(INTLTOOL__v_MERGE_$(V))'
INTLTOOL_V_MERGE_OPTIONS='$(intltool__v_merge_options_$(V))'
INTLTOOL_XAM_RULE='%.xam:       %.xml.in       $(INTLTOOL_MERGE) $(wildcard $(top_srcdir)/po/*.po) ; $(INTLTOOL_V_MERGE)LC_ALL=C $(INTLTOOL_MERGE) $(INTLTOOL_V_MERGE_OPTIONS) -x -u -c $(top_builddir)/po/.intltool-merge-cache $(top_srcdir)/po $< $@'
INTLTOOL_XML_NOMERGE_RULE='%.xml:       %.xml.in       $(INTLTOOL_MERGE) ; $(INTLTOOL_V_MERGE)LC_ALL=C $(INTLTOOL_MERGE) $(INTLTOOL_V_MERGE_OPTIONS) -x -u --no-translations $< $@'
INTLTOOL_XML_RULE='%.xml:       %.xml.in       $(INTLTOOL_MERGE) $(wildcard $(top_srcdir)/po/*.po) ; $(INTLTOOL_V_MERGE)LC_ALL=C $(INTLTOOL_MERGE) $(INTLTOOL_V_MERGE_OPTIONS) -x -u -c $(top_builddir)/po/.intltool-merge-cache $(top_srcdir)/po $< $@'
INTLTOOL__v_MERGE_0='@echo "  ITMRG " $@;'
INTLTOOL__v_MERGE_='$(INTLTOOL__v_MERGE_$(AM_DEFAULT_VERBOSITY))'
INTROSPECTION_CFLAGS=''
INTROSPECTION_COMPILER=''
INTROSPECTION_GENERATE=''
INTROSPECTION_GIRDIR=''
INTROSPECTION_LIBS=''
INTROSPECTION_MAKEFILE=''
INTROSPECTION_SCANNER=''
INTROSPECTION_TYPELIBDIR=''
ITSTOOL='itstool'
LD='/usr/bin/ld -m elf_x86_64'
LDFLAGS=''
LIBDOCUMENT_CFLAGS='-pthread -I/usr/local/include/gtk-3.0 -I/usr/local/include/atk-1.0 -I/usr/local/include/pango-1.0 -I/usr/local/include/gio-unix-2.0/ -I/usr/local/include/gdk-pixbuf-2.0 -I/usr/local/include/glib-2.0 -I/usr/local/lib/glib-2.0/include -I/usr/include/at-spi2-atk/2.0 -I/usr/include/cairo -I/usr/include/harfbuzz -I/usr/include/freetype2 -I/usr/include/pixman-1 -I/usr/include/libpng12   -DEV_ENABLE_DEBUG'
LIBDOCUMENT_LIBS='-pthread -Wl,--export-dynamic -L/usr/local/lib -lgtk-3 -lgdk-3 -latk-1.0 -lpangocairo-1.0 -lgdk_pixbuf-2.0 -lcairo-gobject -lpango-1.0 -lcairo -lgio-2.0 -lgobject-2.0 -lgmodule-2.0 -lglib-2.0  '
LIBM='-lm'
LIBOBJS=''
LIBS=''
LIBSECRET_CFLAGS='-pthread -I/usr/local/include/glib-2.0 -I/usr/local/lib/glib-2.0/include -I/usr/include/libsecret-1  '
LIBSECRET_LIBS='-L/usr/local/lib -lsecret-1 -lgio-2.0 -lgobject-2.0 -lglib-2.0  '
LIBTOOL='$(SHELL) $(top_builddir)/libtool'
LIBVIEW_CFLAGS='-pthread -I/usr/local/include/gtk-3.0 -I/usr/local/include/atk-1.0 -I/usr/local/include/pango-1.0 -I/usr/local/include/gio-unix-2.0/ -I/usr/local/include/gdk-pixbuf-2.0 -I/usr/local/include/glib-2.0 -I/usr/local/lib/glib-2.0/include -I/usr/local/include/gail-3.0 -I/usr/include/at-spi2-atk/2.0 -I/usr/include/cairo -I/usr/include/harfbuzz -I/usr/include/freetype2 -I/usr/include/pixman-1 -I/usr/include/libpng12   -pthread -I/usr/local/include/gtk-3.0/unix-print -I/usr/local/include/gtk-3.0 -I/usr/local/include/atk-1.0 -I/usr/local/include/gdk-pixbuf-2.0 -I/usr/local/include/pango-1.0 -I/usr/local/include/gio-unix-2.0/ -I/usr/local/include/glib-2.0 -I/usr/local/lib/glib-2.0/include -I/usr/include/cairo -I/usr/include/at-spi2-atk/2.0 -I/usr/include/harfbuzz -I/usr/include/freetype2 -I/usr/include/pixman-1 -I/usr/include/libpng12   -DEV_ENABLE_DEBUG'
LIBVIEW_LIBS='-pthread -L/usr/local/lib -lgailutil-3 -lgtk-3 -lgdk-3 -latk-1.0 -lpangocairo-1.0 -lgdk_pixbuf-2.0 -lcairo-gobject -lpango-1.0 -lcairo -lgthread-2.0 -lgio-2.0 -lgobject-2.0 -lglib-2.0   -L/usr/local/lib -lgtk-3 -lgdk-3 -latk-1.0 -lgio-2.0 -lpangocairo-1.0 -lgdk_pixbuf-2.0 -lcairo-gobject -lpango-1.0 -lcairo -lgobject-2.0 -lglib-2.0   -lm'
LIPO=''
LN_S='ln -s'
LTLIBOBJS=''
MAINT=''
MAINTAINER_MODE_FALSE='#'
MAINTAINER_MODE_TRUE=''
MAKEINFO='${SHELL} /home/vongo/Bureau/Projects/Tevince/evince/missing makeinfo'
MANIFEST_TOOL=':'
MKDIR_P='/bin/mkdir -p'
MKINSTALLDIRS='./mkinstalldirs'
MSGFMT='/usr/bin/msgfmt'
MSGFMT_OPTS='-c'
MSGMERGE='/usr/bin/msgmerge'
NAUTILUS_CFLAGS=''
NAUTILUS_EXTENSION_DIR=''
NAUTILUS_LIBS=''
NM='/usr/bin/nm -B'
NMEDIT=''
OBJDUMP='objdump'
OBJEXT='o'
OTOOL64=''
OTOOL=''
PACKAGE='evince'
PACKAGE_BUGREPORT='http://bugzilla.gnome.org/enter_bug.cgi?product=evince'
PACKAGE_NAME='Evince'
PACKAGE_STRING='Evince 3.10.3'
PACKAGE_TARNAME='evince'
PACKAGE_URL=''
PACKAGE_VERSION='3.10.3'
PATH_SEPARATOR=':'
PKG_CONFIG='/usr/bin/pkg-config'
PKG_CONFIG_LIBDIR=''
PKG_CONFIG_PATH=''
PLATFORM_WIN32_FALSE=''
PLATFORM_WIN32_TRUE='#'
POFILES=''
POPPLER_CFLAGS='-pthread -I/usr/local/include/poppler/glib -I/usr/local/include/poppler -I/usr/local/include/glib-2.0 -I/usr/local/lib/glib-2.0/include -I/usr/include/cairo -I/usr/include/pixman-1 -I/usr/include/freetype2 -I/usr/include/libpng12 -I/usr/include/libxml2  '
POPPLER_LIBS='-L/usr/local/lib -lpoppler-glib -lgio-2.0 -lcairo -lgobject-2.0 -lglib-2.0 -lxml2  '
POSUB='po'
PO_IN_DATADIR_FALSE=''
PO_IN_DATADIR_TRUE=''
PREVIEWER_CFLAGS='-pthread -I/usr/local/include/gtk-3.0 -I/usr/local/include/atk-1.0 -I/usr/local/include/pango-1.0 -I/usr/local/include/gio-unix-2.0/ -I/usr/local/include/gdk-pixbuf-2.0 -I/usr/local/include/glib-2.0 -I/usr/local/lib/glib-2.0/include -I/usr/include/at-spi2-atk/2.0 -I/usr/include/cairo -I/usr/include/harfbuzz -I/usr/include/freetype2 -I/usr/include/pixman-1 -I/usr/include/libpng12   -pthread -I/usr/local/include/gtk-3.0/unix-print -I/usr/local/include/gtk-3.0 -I/usr/local/include/atk-1.0 -I/usr/local/include/gdk-pixbuf-2.0 -I/usr/local/include/pango-1.0 -I/usr/local/include/gio-unix-2.0/ -I/usr/local/include/glib-2.0 -I/usr/local/lib/glib-2.0/include -I/usr/include/cairo -I/usr/include/at-spi2-atk/2.0 -I/usr/include/harfbuzz -I/usr/include/freetype2 -I/usr/include/pixman-1 -I/usr/include/libpng12   -DEV_ENABLE_DEBUG'
PREVIEWER_LIBS='-pthread -L/usr/local/lib -lgtk-3 -lgdk-3 -latk-1.0 -lpangocairo-1.0 -lgdk_pixbuf-2.0 -lcairo-gobject -lpango-1.0 -lcairo -lgthread-2.0 -lgio-2.0 -lgobject-2.0 -lgmodule-2.0 -lglib-2.0   -L/usr/local/lib -lgtk-3 -lgdk-3 -latk-1.0 -lgio-2.0 -lpangocairo-1.0 -lgdk_pixbuf-2.0 -lcairo-gobject -lpango-1.0 -lcairo -lgobject-2.0 -lglib-2.0   -lz'
RANLIB='ranlib'
SED='/bin/sed'
SET_MAKE=''
SHELL='/bin/bash'
SHELL_CFLAGS='-pthread -I/usr/local/include/gtk-3.0 -I/usr/local/include/atk-1.0 -I/usr/local/include/pango-1.0 -I/usr/local/include/gio-unix-2.0/ -I/usr/local/include/gdk-pixbuf-2.0 -I/usr/local/include/glib-2.0 -I/usr/local/lib/glib-2.0/include -I/usr/include/libxml2 -I/usr/include/at-spi2-atk/2.0 -I/usr/include/cairo -I/usr/include/harfbuzz -I/usr/include/freetype2 -I/usr/include/pixman-1 -I/usr/include/libpng12   -pthread -I/usr/local/include/glib-2.0 -I/usr/local/lib/glib-2.0/include -I/usr/include/libsecret-1   -DGDK_MULTIHEAD_SAFE -DGTK_MULTIHEAD_SAFE -DEV_ENABLE_DEBUG'
SHELL_CORE_CFLAGS='-pthread -I/usr/local/include/gtk-3.0 -I/usr/local/include/atk-1.0 -I/usr/local/include/pango-1.0 -I/usr/local/include/gio-unix-2.0/ -I/usr/local/include/gdk-pixbuf-2.0 -I/usr/local/include/glib-2.0 -I/usr/local/lib/glib-2.0/include -I/usr/include/libxml2 -I/usr/include/at-spi2-atk/2.0 -I/usr/include/cairo -I/usr/include/harfbuzz -I/usr/include/freetype2 -I/usr/include/pixman-1 -I/usr/include/libpng12  '
SHELL_CORE_LIBS='-pthread -L/usr/local/lib -lxml2 -lgtk-3 -lgdk-3 -latk-1.0 -lpangocairo-1.0 -lgdk_pixbuf-2.0 -lcairo-gobject -lpango-1.0 -lcairo -lgio-2.0 -lgobject-2.0 -lgmodule-2.0 -lgthread-2.0 -lglib-2.0  '
SHELL_LIBS='-pthread -L/usr/local/lib -lxml2 -lgtk-3 -lgdk-3 -latk-1.0 -lpangocairo-1.0 -lgdk_pixbuf-2.0 -lcairo-gobject -lpango-1.0 -lcairo -lgio-2.0 -lgobject-2.0 -lgmodule-2.0 -lgthread-2.0 -lglib-2.0   -L/usr/local/lib -lsecret-1 -lgio-2.0 -lgobject-2.0 -lglib-2.0   -lz -lm'
SMCLIENT_CFLAGS='-pthread -I/usr/local/include/gtk-3.0 -I/usr/local/include/atk-1.0 -I/usr/local/include/pango-1.0 -I/usr/local/include/gio-unix-2.0/ -I/usr/local/include/gdk-pixbuf-2.0 -I/usr/local/include/glib-2.0 -I/usr/local/lib/glib-2.0/include -I/usr/include/at-spi2-atk/2.0 -I/usr/include/cairo -I/usr/include/harfbuzz -I/usr/include/freetype2 -I/usr/include/pixman-1 -I/usr/include/libpng12  '
SMCLIENT_LIBS='-pthread -L/usr/local/lib -lgtk-3 -lgdk-3 -latk-1.0 -lgio-2.0 -lpangocairo-1.0 -lgdk_pixbuf-2.0 -lcairo-gobject -lpango-1.0 -lcairo -lgobject-2.0 -lgthread-2.0 -lglib-2.0 -lSM -lICE -lX11  '
SPECTRE_CFLAGS=''
SPECTRE_LIBS=''
STRIP='strip'
USE_NLS='yes'
VERSION='3.10.3'
WARN_CFLAGS=' -Wall -Wstrict-prototypes -Wnested-externs -Werror=missing-prototypes -Werror=implicit-function-declaration -Werror=pointer-arith -Werror=init-self -Werror=format-security -Werror=format=2 -Werror=missing-include-dirs '
WARN_CXXFLAGS='-g -O2 -Wall -Wno-unused '
WINDRES=''
WITH_KEYRING_FALSE='#'
WITH_KEYRING_TRUE=''
WITH_SMCLIENT_FALSE='#'
WITH_SMCLIENT_QUARTZ_FALSE=''
WITH_SMCLIENT_QUARTZ_TRUE='#'
WITH_SMCLIENT_TRUE=''
WITH_SMCLIENT_WIN32_FALSE=''
WITH_SMCLIENT_WIN32_TRUE='#'
WITH_SMCLIENT_XSMP_FALSE='#'
WITH_SMCLIENT_XSMP_TRUE=''
WITH_TYPE1_FONTS_FALSE=''
WITH_TYPE1_FONTS_TRUE='#'
XGETTEXT='/usr/bin/xgettext'
XMLLINT='/usr/bin/xmllint'
YELP_HELP_RULES='
ZLIB_LIBS='-lz'
_HELP_C_EXTRA = $(foreach f,$(HELP_EXTRA),C/$(f))
_HELP_C_FILES = $(foreach f,$(HELP_FILES),C/$(f))
_HELP_C_MEDIA = $(foreach f,$(HELP_MEDIA),C/$(f))
_HELP_DEFAULT_V = $(if $(AM_DEFAULT_VERBOSITY),$(AM_DEFAULT_VERBOSITY),1)
_HELP_LC_FILES = $(foreach lc,$(_HELP_LINGUAS),$(foreach f,$(HELP_FILES),$(lc)/$(f)))
_HELP_LC_STAMPS = $(foreach lc,$(_HELP_LINGUAS),$(lc)/$(lc).stamp)
_HELP_LC_VERBOSE = $(_HELP_LC_VERBOSE_$(_HELP_V))
_HELP_LC_VERBOSE_ = $(_HELP_LC_VERBOSE_$(_HELP_DEFAULT_V))
_HELP_LC_VERBOSE_0 = @echo "  GEN    "$(dir $@);
_HELP_LINGUAS = $(if $(filter environment,$(origin LINGUAS)),$(filter $(LINGUAS),$(HELP_LINGUAS)),$(HELP_LINGUAS))
_HELP_MOFILES = $(patsubst %.po,%.mo,$(_HELP_POFILES))
_HELP_POFILES = $(if $(HELP_ID),$(foreach lc,$(_HELP_LINGUAS),$(lc)/$(lc).po))
_HELP_POTFILE = $(if $(HELP_POT),$(HELP_POT),$(if $(HELP_ID),$(HELP_ID).pot))
_HELP_V = $(if $(V),$(V),$(_HELP_DEFAULT_V))
ac_ct_AR='ar'
ac_ct_CC='gcc'
ac_ct_CXX='g++'
ac_ct_DUMPBIN=''
all-am: $(gsettings_SCHEMAS:.xml=.valid)
all: $(_HELP_C_FILES) $(_HELP_C_EXTRA) $(_HELP_C_MEDIA) $(_HELP_LC_FILES) $(_HELP_POFILES)
am__EXEEXT_FALSE=''
am__EXEEXT_TRUE='#'
am__fastdepCC_FALSE='#'
am__fastdepCC_TRUE=''
am__fastdepCXX_FALSE='#'
am__fastdepCXX_TRUE=''
am__include='include'
am__isrc=''
am__leading_dot='.'
am__nodep='_no'
am__quote=''
am__tar='tar --format=ustar -chf - "$$tardir"'
am__untar='tar -xf -'
backend_binary_version='4'
backenddir='$(libdir)/evince/4/backends'
bindir='${exec_prefix}/bin'
build='x86_64-unknown-linux-gnu'
build_alias=''
build_cpu='x86_64'
build_os='linux-gnu'
build_vendor='unknown'
check-help:
check: check-help
clean-gsettings-schemas:
clean-help:
datadir='${datarootdir}'
datarootdir='${prefix}/share'
distdir-help-files:
distdir: distdir-help-files
docdir='${datarootdir}/doc/${PACKAGE_TARNAME}'
dvidir='${docdir}'
endif'
exec_prefix='${prefix}'
gsettings__enum_file = $(addsuffix .enums.xml,$(gsettings_ENUM_NAMESPACE))
gsettingsschemadir='${datarootdir}/glib-2.0/schemas'
host='x86_64-unknown-linux-gnu'
host_alias=''
host_cpu='x86_64'
host_os='linux-gnu'
host_vendor='unknown'
htmldir='${docdir}'
ifdef gsettings_ENUM_NAMESPACE
includedir='${prefix}/include'
infodir='${datarootdir}/info'
install-data-am: $(if $(HELP_ID),install-help)
install-data-am: install-gsettings-schemas
install-gsettings-schemas: $(gsettings_SCHEMAS) $(gsettings__enum_file)
install-help:
install_sh='${SHELL} /home/vongo/Bureau/Projects/Tevince/evince/install-sh'
intltool__v_merge_options_0='-q'
intltool__v_merge_options_='$(intltool__v_merge_options_$(AM_DEFAULT_VERBOSITY))'
libdir='${exec_prefix}/lib'
libexecdir='${exec_prefix}/libexec'
localedir='${datarootdir}/locale'
localstatedir='${prefix}/var'
mandir='${datarootdir}/man'
mkdir_p='$(MKDIR_P)'
mostlyclean-am: $(if $(HELP_ID),clean-help)
mostlyclean-am: clean-gsettings-schemas
oldincludedir='/usr/include'
pdfdir='${docdir}'
pot: $(_HELP_POTFILE)
prefix='/usr/local'
program_transform_name='s,x,x,'
psdir='${docdir}'
repo: $(_HELP_POTFILE)
sbindir='${exec_prefix}/sbin'
sharedstatedir='${prefix}/com'
sysconfdir='${prefix}/etc'
target_alias=''
uninstall-am: $(if $(HELP_ID),uninstall-help)
uninstall-am: uninstall-gsettings-schemas
uninstall-gsettings-schemas:
uninstall-help:

## ----------- ##
## confdefs.h. ##
## ----------- ##

/* confdefs.h */
#define PACKAGE_NAME "Evince"
#define PACKAGE_TARNAME "evince"
#define PACKAGE_VERSION "3.10.3"
#define PACKAGE_STRING "Evince 3.10.3"
#define PACKAGE_BUGREPORT "http://bugzilla.gnome.org/enter_bug.cgi?product=evince"
#define PACKAGE_URL ""
#define PACKAGE "evince"
#define VERSION "3.10.3"
#define STDC_HEADERS 1
#define HAVE_SYS_TYPES_H 1
#define HAVE_SYS_STAT_H 1
#define HAVE_STDLIB_H 1
#define HAVE_STRING_H 1
#define HAVE_MEMORY_H 1
#define HAVE_STRINGS_H 1
#define HAVE_INTTYPES_H 1
#define HAVE_STDINT_H 1
#define HAVE_UNISTD_H 1
#define HAVE_DLFCN_H 1
#define LT_OBJDIR ".libs/"
#define GETTEXT_PACKAGE "evince"
#define HAVE_LOCALE_H 1
#define HAVE_LC_MESSAGES 1
#define HAVE_BIND_TEXTDOMAIN_CODESET 1
#define HAVE_GETTEXT 1
#define HAVE_DCGETTEXT 1
#define ENABLE_NLS 1
#define GDK_VERSION_MIN_REQUIRED GDK_VERSION_3_8
#define HAVE_ZLIB_H 1
#define WITH_SMCLIENT 1
#define HAVE_CAIRO_FORMAT_STRIDE_FOR_WIDTH 1
#define GTKUNIXPRINT_ENABLED 1
#define WITH_KEYRING 1
#define ENABLE_DBUS 1
#define HAVE_EXECINFO_H 1
#define HAVE__NL_MEASUREMENT_MEASUREMENT 1
#define HAVE_CAIRO_PDF 1
#define HAVE_CAIRO_PS 1
#define HAVE_TIFF_H 1
#define ENABLE_TIFF 1
#define SIZEOF_LONG 8
#define SIZEOF_INT 4
#define SIZEOF_SHORT 2
#define SIZEOF_LONG_LONG 8
#define SIZEOF_VOID_P 8
#define ENABLE_COMICS 1
#define HAVE_LOCALTIME_R 1

configure: exit 0
